[12-Mar-2021 05:32:53 Europe/Berlin] PHP Notice:  Uninitialized string offset: -1 in D:\xampp\htdocs\test.loc\vendor\phphleb\framework\Constructor\Handlers\URL.php on line 85
[12-Mar-2021 05:32:53 Europe/Berlin] PHP Notice:  Uninitialized string offset: -1 in D:\xampp\htdocs\test.loc\vendor\phphleb\framework\Constructor\Handlers\URL.php on line 85
[12-Mar-2021 05:32:53 Europe/Berlin] PHP Notice:  Uninitialized string offset: -1 in D:\xampp\htdocs\test.loc\vendor\phphleb\framework\Constructor\Handlers\URL.php on line 85
[12-Mar-2021 05:32:53 Europe/Berlin] PHP Notice:  Uninitialized string offset: -1 in D:\xampp\htdocs\test.loc\vendor\phphleb\framework\Constructor\Handlers\URL.php on line 85
[12-Mar-2021 05:32:53 Europe/Berlin] PHP Notice:  Uninitialized string offset: -1 in D:\xampp\htdocs\test.loc\vendor\phphleb\framework\Constructor\Handlers\URL.php on line 85
[12-Mar-2021 05:32:53 Europe/Berlin] PHP Notice:  Uninitialized string offset: -1 in D:\xampp\htdocs\test.loc\vendor\phphleb\framework\Constructor\Handlers\URL.php on line 85
[12-Mar-2021 05:32:53 Europe/Berlin] PHP Notice:  Uninitialized string offset: -1 in D:\xampp\htdocs\test.loc\vendor\phphleb\framework\Constructor\Handlers\URL.php on line 85
[12-Mar-2021 05:32:53 Europe/Berlin] PHP Notice:  Uninitialized string offset: -1 in D:\xampp\htdocs\test.loc\vendor\phphleb\framework\Constructor\Handlers\URL.php on line 85
[12-Mar-2021 05:32:53 Europe/Berlin] PHP Notice:  Uninitialized string offset: -1 in D:\xampp\htdocs\test.loc\vendor\phphleb\framework\Constructor\Handlers\URL.php on line 85
[12-Mar-2021 05:32:53 Europe/Berlin] PHP Notice:  Uninitialized string offset: -1 in D:\xampp\htdocs\test.loc\vendor\phphleb\framework\Constructor\Handlers\URL.php on line 85
[12-Mar-2021 05:32:53 Europe/Berlin] PHP Notice:  Uninitialized string offset: -1 in D:\xampp\htdocs\test.loc\vendor\phphleb\framework\Constructor\Handlers\URL.php on line 85
[12-Mar-2021 05:32:53 Europe/Berlin] PHP Notice:  Uninitialized string offset: -1 in D:\xampp\htdocs\test.loc\vendor\phphleb\framework\Constructor\Handlers\URL.php on line 85
[12-Mar-2021 05:32:53 Europe/Berlin] PHP Notice:  Uninitialized string offset: -1 in D:\xampp\htdocs\test.loc\vendor\phphleb\framework\Constructor\Handlers\URL.php on line 85
[12-Mar-2021 05:32:53 Europe/Berlin] PHP Notice:  Uninitialized string offset: -1 in D:\xampp\htdocs\test.loc\vendor\phphleb\framework\Constructor\Handlers\URL.php on line 85
[12-Mar-2021 05:32:53 Europe/Berlin] PHP Notice:  Uninitialized string offset: -1 in D:\xampp\htdocs\test.loc\vendor\phphleb\framework\Constructor\Handlers\URL.php on line 85
[12-Mar-2021 05:32:53 Europe/Berlin] PHP Notice:  Uninitialized string offset: -1 in D:\xampp\htdocs\test.loc\vendor\phphleb\framework\Constructor\Handlers\URL.php on line 85
[12-Mar-2021 05:32:53 Europe/Berlin] PHP Notice:  Uninitialized string offset: -1 in D:\xampp\htdocs\test.loc\vendor\phphleb\framework\Constructor\Handlers\URL.php on line 85
[12-Mar-2021 05:32:53 Europe/Berlin] PHP Notice:  Uninitialized string offset: -1 in D:\xampp\htdocs\test.loc\vendor\phphleb\framework\Constructor\Handlers\URL.php on line 85
[12-Mar-2021 05:32:53 Europe/Berlin] PHP Notice:  Uninitialized string offset: -1 in D:\xampp\htdocs\test.loc\vendor\phphleb\framework\Constructor\Handlers\URL.php on line 85
[12-Mar-2021 05:32:53 Europe/Berlin] PHP Notice:  Uninitialized string offset: -1 in D:\xampp\htdocs\test.loc\vendor\phphleb\framework\Constructor\Handlers\URL.php on line 85
[12-Mar-2021 05:32:53 Europe/Berlin] PHP Notice:  Uninitialized string offset: -1 in D:\xampp\htdocs\test.loc\vendor\phphleb\framework\Constructor\Handlers\URL.php on line 85
[12-Mar-2021 05:32:54 Europe/Berlin] PHP Notice:  Uninitialized string offset: -1 in D:\xampp\htdocs\test.loc\vendor\phphleb\framework\Constructor\Handlers\URL.php on line 85
[12-Mar-2021 05:32:54 Europe/Berlin] PHP Notice:  Uninitialized string offset: -1 in D:\xampp\htdocs\test.loc\vendor\phphleb\framework\Constructor\Handlers\URL.php on line 85
[12-Mar-2021 05:32:54 Europe/Berlin] PHP Notice:  Uninitialized string offset: -1 in D:\xampp\htdocs\test.loc\vendor\phphleb\framework\Constructor\Handlers\URL.php on line 85
[12-Mar-2021 05:32:54 Europe/Berlin] PHP Notice:  Uninitialized string offset: -1 in D:\xampp\htdocs\test.loc\vendor\phphleb\framework\Constructor\Handlers\URL.php on line 85
[12-Mar-2021 05:32:54 Europe/Berlin] PHP Notice:  Uninitialized string offset: -1 in D:\xampp\htdocs\test.loc\vendor\phphleb\framework\Constructor\Handlers\URL.php on line 85
[12-Mar-2021 05:32:54 Europe/Berlin] PHP Notice:  Uninitialized string offset: -1 in D:\xampp\htdocs\test.loc\vendor\phphleb\framework\Constructor\Handlers\URL.php on line 85
[12-Mar-2021 05:32:54 Europe/Berlin] PHP Notice:  Uninitialized string offset: -1 in D:\xampp\htdocs\test.loc\vendor\phphleb\framework\Constructor\Handlers\URL.php on line 85
[12-Mar-2021 05:32:54 Europe/Berlin] PHP Notice:  Uninitialized string offset: -1 in D:\xampp\htdocs\test.loc\vendor\phphleb\framework\Constructor\Handlers\URL.php on line 85
[12-Mar-2021 05:32:54 Europe/Berlin] PHP Notice:  Uninitialized string offset: -1 in D:\xampp\htdocs\test.loc\vendor\phphleb\framework\Constructor\Handlers\URL.php on line 85
[12-Mar-2021 05:32:55 Europe/Berlin] PHP Notice:  Uninitialized string offset: -1 in D:\xampp\htdocs\test.loc\vendor\phphleb\framework\Constructor\Handlers\URL.php on line 85
[12-Mar-2021 05:32:55 Europe/Berlin] PHP Notice:  Uninitialized string offset: -1 in D:\xampp\htdocs\test.loc\vendor\phphleb\framework\Constructor\Handlers\URL.php on line 85
[12-Mar-2021 05:32:55 Europe/Berlin] PHP Notice:  Uninitialized string offset: -1 in D:\xampp\htdocs\test.loc\vendor\phphleb\framework\Constructor\Handlers\URL.php on line 85
[12-Mar-2021 05:32:55 Europe/Berlin] PHP Notice:  Uninitialized string offset: -1 in D:\xampp\htdocs\test.loc\vendor\phphleb\framework\Constructor\Handlers\URL.php on line 85
[12-Mar-2021 05:32:55 Europe/Berlin] PHP Notice:  Uninitialized string offset: -1 in D:\xampp\htdocs\test.loc\vendor\phphleb\framework\Constructor\Handlers\URL.php on line 85
[12-Mar-2021 05:32:55 Europe/Berlin] PHP Notice:  Uninitialized string offset: -1 in D:\xampp\htdocs\test.loc\vendor\phphleb\framework\Constructor\Handlers\URL.php on line 85
[12-Mar-2021 05:32:55 Europe/Berlin] PHP Notice:  Uninitialized string offset: -1 in D:\xampp\htdocs\test.loc\vendor\phphleb\framework\Constructor\Handlers\URL.php on line 85
[12-Mar-2021 05:32:55 Europe/Berlin] PHP Notice:  Uninitialized string offset: -1 in D:\xampp\htdocs\test.loc\vendor\phphleb\framework\Constructor\Handlers\URL.php on line 85
[12-Mar-2021 05:32:55 Europe/Berlin] PHP Notice:  Uninitialized string offset: -1 in D:\xampp\htdocs\test.loc\vendor\phphleb\framework\Constructor\Handlers\URL.php on line 85
[12-Mar-2021 05:32:55 Europe/Berlin] PHP Notice:  Uninitialized string offset: -1 in D:\xampp\htdocs\test.loc\vendor\phphleb\framework\Constructor\Handlers\URL.php on line 85
[12-Mar-2021 05:32:55 Europe/Berlin] PHP Notice:  Uninitialized string offset: -1 in D:\xampp\htdocs\test.loc\vendor\phphleb\framework\Constructor\Handlers\URL.php on line 85
[12-Mar-2021 05:32:55 Europe/Berlin] PHP Notice:  Uninitialized string offset: -1 in D:\xampp\htdocs\test.loc\vendor\phphleb\framework\Constructor\Handlers\URL.php on line 85
[12-Mar-2021 09:43:06 Europe/Berlin] PHP Fatal error:  Uncaught Error: Unsupported operand types in D:\xampp\htdocs\test.loc\app\Controllers\PostController.php:19
Stack trace:
#0 D:\xampp\htdocs\test.loc\vendor\phphleb\framework\Constructor\Workspace.php(274): App\Controllers\PostController->index()
#1 D:\xampp\htdocs\test.loc\vendor\phphleb\framework\Constructor\Workspace.php(106): Hleb\Constructor\Workspace->getController(Array)
#2 D:\xampp\htdocs\test.loc\vendor\phphleb\framework\Constructor\Workspace.php(85): Hleb\Constructor\Workspace->renderGetMethod(Array)
#3 D:\xampp\htdocs\test.loc\vendor\phphleb\framework\Constructor\Workspace.php(38): Hleb\Constructor\Workspace->create(Array)
#4 D:\xampp\htdocs\test.loc\vendor\phphleb\framework\Main\ProjectLoader.php(43): Hleb\Constructor\Workspace->__construct(Array, Array)
#5 D:\xampp\htdocs\test.loc\vendor\phphleb\framework\bootstrap.php(280): Hleb\Main\ProjectLoader::start()
#6 D:\xampp\htdocs\test.loc\public\index.php(29): require('D:\\xampp\\htdocs...')
#7 {main}
  thrown in D:\xampp\htdocs\test.loc\app\Controllers\PostController.php on line 19
[12-Mar-2021 09:46:32 Europe/Berlin] PHP Notice:  Undefined variable: pagesCount in D:\xampp\htdocs\test.loc\resources\views\home.php on line 56
[12-Mar-2021 09:47:39 Europe/Berlin] PHP Notice:  Undefined variable: pagesCount in D:\xampp\htdocs\test.loc\resources\views\home.php on line 56
[12-Mar-2021 13:11:20 Europe/Berlin] PHP Notice:  Undefined variable: pagesCount in D:\xampp\htdocs\test.loc\app\Controllers\PostController.php on line 42
[12-Mar-2021 13:12:10 Europe/Berlin] PHP Notice:  Undefined variable: pagesCount in D:\xampp\htdocs\test.loc\app\Controllers\PostController.php on line 42
[12-Mar-2021 13:15:25 Europe/Berlin] PHP Notice:  Undefined variable: pagesCount in D:\xampp\htdocs\test.loc\app\Controllers\PostController.php on line 42
[12-Mar-2021 13:15:39 Europe/Berlin] PHP Notice:  Undefined variable: pagesCount in D:\xampp\htdocs\test.loc\app\Controllers\PostController.php on line 42
[12-Mar-2021 13:16:10 Europe/Berlin] PHP Fatal error:  Uncaught PDOException: SQLSTATE[42000]: Syntax error or access violation: 1064 You have an error in your SQL syntax; check the manual that corresponds to your MariaDB server version for the right syntax to use near 'OFFSER ?' at line 1 in D:\xampp\htdocs\test.loc\vendor\phphleb\xdorm\Shell\XdDB.php:147
Stack trace:
#0 D:\xampp\htdocs\test.loc\vendor\phphleb\xdorm\Shell\XdDB.php(147): PDO->prepare('SELECT * FROM `...')
#1 D:\xampp\htdocs\test.loc\vendor\phphleb\xdorm\Shell\XdDB.php(33): XdORM\Shell\XdDB::_run('SELECT * FROM `...', 'fetchAll', Array, 'mysql.myname')
#2 D:\xampp\htdocs\test.loc\vendor\phphleb\xdorm\Shell\XdHelper.php(120): XdORM\Shell\XdDB::getSelect(Object(XdORM\Shell\XdHelper), NULL)
#3 D:\xampp\htdocs\test.loc\app\Models\PostModel.php(19): XdORM\Shell\XdHelper->getSelect()
#4 D:\xampp\htdocs\test.loc\app\Controllers\PostController.php(18): App\Models\PostModel::getPostAll()
#5 D:\xampp\htdocs\test.loc\vendor\phphleb\framework\Constructor\Workspace.php(274): App\Controllers\PostController->ind in D:\xampp\htdocs\test.loc\vendor\phphleb\xdorm\Shell\XdDB.php on line 147
[12-Mar-2021 13:16:30 Europe/Berlin] PHP Notice:  Undefined variable: pagesCount in D:\xampp\htdocs\test.loc\app\Controllers\PostController.php on line 42
[12-Mar-2021 13:16:44 Europe/Berlin] PHP Notice:  Undefined variable: pagesCount in D:\xampp\htdocs\test.loc\app\Controllers\PostController.php on line 42
[12-Mar-2021 13:17:00 Europe/Berlin] PHP Notice:  Undefined variable: pagesCount in D:\xampp\htdocs\test.loc\app\Controllers\PostController.php on line 42
[12-Mar-2021 13:17:20 Europe/Berlin] PHP Notice:  Undefined variable: pagesCount in D:\xampp\htdocs\test.loc\app\Controllers\PostController.php on line 42
[12-Mar-2021 13:21:10 Europe/Berlin] PHP Notice:  Undefined variable: pagesCount in D:\xampp\htdocs\test.loc\app\Controllers\PostController.php on line 42
[12-Mar-2021 13:21:21 Europe/Berlin] PHP Notice:  Undefined variable: pagesCount in D:\xampp\htdocs\test.loc\app\Controllers\PostController.php on line 42
[12-Mar-2021 13:21:30 Europe/Berlin] PHP Notice:  Undefined variable: pagesCount in D:\xampp\htdocs\test.loc\app\Controllers\PostController.php on line 42
[12-Mar-2021 13:21:39 Europe/Berlin] PHP Notice:  Undefined variable: pagesCount in D:\xampp\htdocs\test.loc\app\Controllers\PostController.php on line 42
[12-Mar-2021 13:21:48 Europe/Berlin] PHP Notice:  Undefined variable: pagesCount in D:\xampp\htdocs\test.loc\app\Controllers\PostController.php on line 42
[12-Mar-2021 13:22:19 Europe/Berlin] PHP Notice:  Undefined variable: result in D:\xampp\htdocs\test.loc\app\Controllers\PostController.php on line 20
[12-Mar-2021 13:22:19 Europe/Berlin] PHP Warning:  count(): Parameter must be an array or an object that implements Countable in D:\xampp\htdocs\test.loc\app\Controllers\PostController.php on line 20
[12-Mar-2021 13:24:57 Europe/Berlin] PHP Notice:  Trying to access array offset on value of type int in D:\xampp\htdocs\test.loc\app\Controllers\PostController.php on line 27
[12-Mar-2021 13:24:57 Europe/Berlin] PHP Warning:  Cannot use a scalar value as an array in D:\xampp\htdocs\test.loc\app\Controllers\PostController.php on line 28
[12-Mar-2021 13:24:57 Europe/Berlin] PHP Notice:  Trying to access array offset on value of type int in D:\xampp\htdocs\test.loc\app\Controllers\PostController.php on line 31
[12-Mar-2021 13:24:57 Europe/Berlin] PHP Fatal error:  Uncaught PDOException: SQLSTATE[42000]: Syntax error or access violation: 1064 You have an error in your SQL syntax; check the manual that corresponds to your MariaDB server version for the right syntax to use near '' at line 1 in D:\xampp\htdocs\test.loc\vendor\phphleb\xdorm\Shell\XdDB.php:147
Stack trace:
#0 D:\xampp\htdocs\test.loc\vendor\phphleb\xdorm\Shell\XdDB.php(147): PDO->prepare('SELECT * FROM `...')
#1 D:\xampp\htdocs\test.loc\vendor\phphleb\xdorm\Shell\XdDB.php(33): XdORM\Shell\XdDB::_run('SELECT * FROM `...', 'fetchAll', Array, 'mysql.myname')
#2 D:\xampp\htdocs\test.loc\vendor\phphleb\xdorm\Shell\XdHelper.php(120): XdORM\Shell\XdDB::getSelect(Object(XdORM\Shell\XdHelper), NULL)
#3 D:\xampp\htdocs\test.loc\app\Models\TagModel.php(28): XdORM\Shell\XdHelper->getSelect()
#4 D:\xampp\htdocs\test.loc\app\Controllers\PostController.php(31): App\Models\TagModel::getTagPost(NULL)
#5 D:\xampp\htdocs\test.loc\vendor\phphleb\framework\Constructor\Workspace.php(274): App\Controllers\PostController->index()
# in D:\xampp\htdocs\test.loc\vendor\phphleb\xdorm\Shell\XdDB.php on line 147
[12-Mar-2021 13:25:23 Europe/Berlin] PHP Notice:  Trying to access array offset on value of type float in D:\xampp\htdocs\test.loc\app\Controllers\PostController.php on line 27
[12-Mar-2021 13:25:23 Europe/Berlin] PHP Warning:  Cannot use a scalar value as an array in D:\xampp\htdocs\test.loc\app\Controllers\PostController.php on line 28
[12-Mar-2021 13:25:23 Europe/Berlin] PHP Notice:  Trying to access array offset on value of type float in D:\xampp\htdocs\test.loc\app\Controllers\PostController.php on line 31
[12-Mar-2021 13:25:23 Europe/Berlin] PHP Fatal error:  Uncaught PDOException: SQLSTATE[42000]: Syntax error or access violation: 1064 You have an error in your SQL syntax; check the manual that corresponds to your MariaDB server version for the right syntax to use near '' at line 1 in D:\xampp\htdocs\test.loc\vendor\phphleb\xdorm\Shell\XdDB.php:147
Stack trace:
#0 D:\xampp\htdocs\test.loc\vendor\phphleb\xdorm\Shell\XdDB.php(147): PDO->prepare('SELECT * FROM `...')
#1 D:\xampp\htdocs\test.loc\vendor\phphleb\xdorm\Shell\XdDB.php(33): XdORM\Shell\XdDB::_run('SELECT * FROM `...', 'fetchAll', Array, 'mysql.myname')
#2 D:\xampp\htdocs\test.loc\vendor\phphleb\xdorm\Shell\XdHelper.php(120): XdORM\Shell\XdDB::getSelect(Object(XdORM\Shell\XdHelper), NULL)
#3 D:\xampp\htdocs\test.loc\app\Models\TagModel.php(28): XdORM\Shell\XdHelper->getSelect()
#4 D:\xampp\htdocs\test.loc\app\Controllers\PostController.php(31): App\Models\TagModel::getTagPost(NULL)
#5 D:\xampp\htdocs\test.loc\vendor\phphleb\framework\Constructor\Workspace.php(274): App\Controllers\PostController->index()
# in D:\xampp\htdocs\test.loc\vendor\phphleb\xdorm\Shell\XdDB.php on line 147
[12-Mar-2021 13:25:23 Europe/Berlin] PHP Notice:  Trying to access array offset on value of type float in D:\xampp\htdocs\test.loc\app\Controllers\PostController.php on line 27
[12-Mar-2021 13:25:23 Europe/Berlin] PHP Warning:  Cannot use a scalar value as an array in D:\xampp\htdocs\test.loc\app\Controllers\PostController.php on line 28
[12-Mar-2021 13:25:23 Europe/Berlin] PHP Notice:  Trying to access array offset on value of type float in D:\xampp\htdocs\test.loc\app\Controllers\PostController.php on line 31
[12-Mar-2021 13:25:23 Europe/Berlin] PHP Fatal error:  Uncaught PDOException: SQLSTATE[42000]: Syntax error or access violation: 1064 You have an error in your SQL syntax; check the manual that corresponds to your MariaDB server version for the right syntax to use near '' at line 1 in D:\xampp\htdocs\test.loc\vendor\phphleb\xdorm\Shell\XdDB.php:147
Stack trace:
#0 D:\xampp\htdocs\test.loc\vendor\phphleb\xdorm\Shell\XdDB.php(147): PDO->prepare('SELECT * FROM `...')
#1 D:\xampp\htdocs\test.loc\vendor\phphleb\xdorm\Shell\XdDB.php(33): XdORM\Shell\XdDB::_run('SELECT * FROM `...', 'fetchAll', Array, 'mysql.myname')
#2 D:\xampp\htdocs\test.loc\vendor\phphleb\xdorm\Shell\XdHelper.php(120): XdORM\Shell\XdDB::getSelect(Object(XdORM\Shell\XdHelper), NULL)
#3 D:\xampp\htdocs\test.loc\app\Models\TagModel.php(28): XdORM\Shell\XdHelper->getSelect()
#4 D:\xampp\htdocs\test.loc\app\Controllers\PostController.php(31): App\Models\TagModel::getTagPost(NULL)
#5 D:\xampp\htdocs\test.loc\vendor\phphleb\framework\Constructor\Workspace.php(274): App\Controllers\PostController->index()
# in D:\xampp\htdocs\test.loc\vendor\phphleb\xdorm\Shell\XdDB.php on line 147
[12-Mar-2021 13:26:14 Europe/Berlin] PHP Notice:  Trying to access array offset on value of type float in D:\xampp\htdocs\test.loc\app\Controllers\PostController.php on line 27
[12-Mar-2021 13:26:14 Europe/Berlin] PHP Warning:  Cannot use a scalar value as an array in D:\xampp\htdocs\test.loc\app\Controllers\PostController.php on line 28
[12-Mar-2021 13:26:14 Europe/Berlin] PHP Notice:  Trying to access array offset on value of type float in D:\xampp\htdocs\test.loc\app\Controllers\PostController.php on line 31
[12-Mar-2021 13:26:14 Europe/Berlin] PHP Fatal error:  Uncaught PDOException: SQLSTATE[42000]: Syntax error or access violation: 1064 You have an error in your SQL syntax; check the manual that corresponds to your MariaDB server version for the right syntax to use near '' at line 1 in D:\xampp\htdocs\test.loc\vendor\phphleb\xdorm\Shell\XdDB.php:147
Stack trace:
#0 D:\xampp\htdocs\test.loc\vendor\phphleb\xdorm\Shell\XdDB.php(147): PDO->prepare('SELECT * FROM `...')
#1 D:\xampp\htdocs\test.loc\vendor\phphleb\xdorm\Shell\XdDB.php(33): XdORM\Shell\XdDB::_run('SELECT * FROM `...', 'fetchAll', Array, 'mysql.myname')
#2 D:\xampp\htdocs\test.loc\vendor\phphleb\xdorm\Shell\XdHelper.php(120): XdORM\Shell\XdDB::getSelect(Object(XdORM\Shell\XdHelper), NULL)
#3 D:\xampp\htdocs\test.loc\app\Models\TagModel.php(28): XdORM\Shell\XdHelper->getSelect()
#4 D:\xampp\htdocs\test.loc\app\Controllers\PostController.php(31): App\Models\TagModel::getTagPost(NULL)
#5 D:\xampp\htdocs\test.loc\vendor\phphleb\framework\Constructor\Workspace.php(274): App\Controllers\PostController->index()
# in D:\xampp\htdocs\test.loc\vendor\phphleb\xdorm\Shell\XdDB.php on line 147
[12-Mar-2021 13:26:35 Europe/Berlin] PHP Notice:  Trying to access array offset on value of type int in D:\xampp\htdocs\test.loc\app\Controllers\PostController.php on line 27
[12-Mar-2021 13:26:35 Europe/Berlin] PHP Warning:  Cannot use a scalar value as an array in D:\xampp\htdocs\test.loc\app\Controllers\PostController.php on line 28
[12-Mar-2021 13:26:35 Europe/Berlin] PHP Notice:  Trying to access array offset on value of type int in D:\xampp\htdocs\test.loc\app\Controllers\PostController.php on line 31
[12-Mar-2021 13:26:35 Europe/Berlin] PHP Fatal error:  Uncaught PDOException: SQLSTATE[42000]: Syntax error or access violation: 1064 You have an error in your SQL syntax; check the manual that corresponds to your MariaDB server version for the right syntax to use near '' at line 1 in D:\xampp\htdocs\test.loc\vendor\phphleb\xdorm\Shell\XdDB.php:147
Stack trace:
#0 D:\xampp\htdocs\test.loc\vendor\phphleb\xdorm\Shell\XdDB.php(147): PDO->prepare('SELECT * FROM `...')
#1 D:\xampp\htdocs\test.loc\vendor\phphleb\xdorm\Shell\XdDB.php(33): XdORM\Shell\XdDB::_run('SELECT * FROM `...', 'fetchAll', Array, 'mysql.myname')
#2 D:\xampp\htdocs\test.loc\vendor\phphleb\xdorm\Shell\XdHelper.php(120): XdORM\Shell\XdDB::getSelect(Object(XdORM\Shell\XdHelper), NULL)
#3 D:\xampp\htdocs\test.loc\app\Models\TagModel.php(28): XdORM\Shell\XdHelper->getSelect()
#4 D:\xampp\htdocs\test.loc\app\Controllers\PostController.php(31): App\Models\TagModel::getTagPost(NULL)
#5 D:\xampp\htdocs\test.loc\vendor\phphleb\framework\Constructor\Workspace.php(274): App\Controllers\PostController->index()
# in D:\xampp\htdocs\test.loc\vendor\phphleb\xdorm\Shell\XdDB.php on line 147
[12-Mar-2021 13:27:42 Europe/Berlin] PHP Warning:  count(): Parameter must be an array or an object that implements Countable in D:\xampp\htdocs\test.loc\app\Models\PostModel.php on line 26
[12-Mar-2021 13:27:42 Europe/Berlin] PHP Notice:  Trying to access array offset on value of type float in D:\xampp\htdocs\test.loc\app\Controllers\PostController.php on line 27
[12-Mar-2021 13:27:42 Europe/Berlin] PHP Warning:  Cannot use a scalar value as an array in D:\xampp\htdocs\test.loc\app\Controllers\PostController.php on line 28
[12-Mar-2021 13:27:42 Europe/Berlin] PHP Notice:  Trying to access array offset on value of type float in D:\xampp\htdocs\test.loc\app\Controllers\PostController.php on line 31
[12-Mar-2021 13:27:42 Europe/Berlin] PHP Fatal error:  Uncaught PDOException: SQLSTATE[42000]: Syntax error or access violation: 1064 You have an error in your SQL syntax; check the manual that corresponds to your MariaDB server version for the right syntax to use near '' at line 1 in D:\xampp\htdocs\test.loc\vendor\phphleb\xdorm\Shell\XdDB.php:147
Stack trace:
#0 D:\xampp\htdocs\test.loc\vendor\phphleb\xdorm\Shell\XdDB.php(147): PDO->prepare('SELECT * FROM `...')
#1 D:\xampp\htdocs\test.loc\vendor\phphleb\xdorm\Shell\XdDB.php(33): XdORM\Shell\XdDB::_run('SELECT * FROM `...', 'fetchAll', Array, 'mysql.myname')
#2 D:\xampp\htdocs\test.loc\vendor\phphleb\xdorm\Shell\XdHelper.php(120): XdORM\Shell\XdDB::getSelect(Object(XdORM\Shell\XdHelper), NULL)
#3 D:\xampp\htdocs\test.loc\app\Models\TagModel.php(28): XdORM\Shell\XdHelper->getSelect()
#4 D:\xampp\htdocs\test.loc\app\Controllers\PostController.php(31): App\Models\TagModel::getTagPost(NULL)
#5 D:\xampp\htdocs\test.loc\vendor\phphleb\framework\Constructor\Workspace.php(274): App\Controllers\PostController->index()
# in D:\xampp\htdocs\test.loc\vendor\phphleb\xdorm\Shell\XdDB.php on line 147
[12-Mar-2021 13:27:59 Europe/Berlin] PHP Notice:  Trying to access array offset on value of type float in D:\xampp\htdocs\test.loc\app\Controllers\PostController.php on line 27
[12-Mar-2021 13:27:59 Europe/Berlin] PHP Warning:  Cannot use a scalar value as an array in D:\xampp\htdocs\test.loc\app\Controllers\PostController.php on line 28
[12-Mar-2021 13:27:59 Europe/Berlin] PHP Notice:  Trying to access array offset on value of type float in D:\xampp\htdocs\test.loc\app\Controllers\PostController.php on line 31
[12-Mar-2021 13:27:59 Europe/Berlin] PHP Fatal error:  Uncaught PDOException: SQLSTATE[42000]: Syntax error or access violation: 1064 You have an error in your SQL syntax; check the manual that corresponds to your MariaDB server version for the right syntax to use near '' at line 1 in D:\xampp\htdocs\test.loc\vendor\phphleb\xdorm\Shell\XdDB.php:147
Stack trace:
#0 D:\xampp\htdocs\test.loc\vendor\phphleb\xdorm\Shell\XdDB.php(147): PDO->prepare('SELECT * FROM `...')
#1 D:\xampp\htdocs\test.loc\vendor\phphleb\xdorm\Shell\XdDB.php(33): XdORM\Shell\XdDB::_run('SELECT * FROM `...', 'fetchAll', Array, 'mysql.myname')
#2 D:\xampp\htdocs\test.loc\vendor\phphleb\xdorm\Shell\XdHelper.php(120): XdORM\Shell\XdDB::getSelect(Object(XdORM\Shell\XdHelper), NULL)
#3 D:\xampp\htdocs\test.loc\app\Models\TagModel.php(28): XdORM\Shell\XdHelper->getSelect()
#4 D:\xampp\htdocs\test.loc\app\Controllers\PostController.php(31): App\Models\TagModel::getTagPost(NULL)
#5 D:\xampp\htdocs\test.loc\vendor\phphleb\framework\Constructor\Workspace.php(274): App\Controllers\PostController->index()
# in D:\xampp\htdocs\test.loc\vendor\phphleb\xdorm\Shell\XdDB.php on line 147
[12-Mar-2021 13:28:29 Europe/Berlin] PHP Notice:  Trying to access array offset on value of type float in D:\xampp\htdocs\test.loc\app\Controllers\PostController.php on line 25
[12-Mar-2021 13:28:29 Europe/Berlin] PHP Warning:  Cannot use a scalar value as an array in D:\xampp\htdocs\test.loc\app\Controllers\PostController.php on line 26
[12-Mar-2021 13:28:29 Europe/Berlin] PHP Notice:  Trying to access array offset on value of type float in D:\xampp\htdocs\test.loc\app\Controllers\PostController.php on line 29
[12-Mar-2021 13:28:29 Europe/Berlin] PHP Fatal error:  Uncaught PDOException: SQLSTATE[42000]: Syntax error or access violation: 1064 You have an error in your SQL syntax; check the manual that corresponds to your MariaDB server version for the right syntax to use near '' at line 1 in D:\xampp\htdocs\test.loc\vendor\phphleb\xdorm\Shell\XdDB.php:147
Stack trace:
#0 D:\xampp\htdocs\test.loc\vendor\phphleb\xdorm\Shell\XdDB.php(147): PDO->prepare('SELECT * FROM `...')
#1 D:\xampp\htdocs\test.loc\vendor\phphleb\xdorm\Shell\XdDB.php(33): XdORM\Shell\XdDB::_run('SELECT * FROM `...', 'fetchAll', Array, 'mysql.myname')
#2 D:\xampp\htdocs\test.loc\vendor\phphleb\xdorm\Shell\XdHelper.php(120): XdORM\Shell\XdDB::getSelect(Object(XdORM\Shell\XdHelper), NULL)
#3 D:\xampp\htdocs\test.loc\app\Models\TagModel.php(28): XdORM\Shell\XdHelper->getSelect()
#4 D:\xampp\htdocs\test.loc\app\Controllers\PostController.php(29): App\Models\TagModel::getTagPost(NULL)
#5 D:\xampp\htdocs\test.loc\vendor\phphleb\framework\Constructor\Workspace.php(274): App\Controllers\PostController->index()
# in D:\xampp\htdocs\test.loc\vendor\phphleb\xdorm\Shell\XdDB.php on line 147
[12-Mar-2021 13:28:54 Europe/Berlin] PHP Notice:  Trying to access array offset on value of type float in D:\xampp\htdocs\test.loc\app\Controllers\PostController.php on line 27
[12-Mar-2021 13:28:54 Europe/Berlin] PHP Warning:  Cannot use a scalar value as an array in D:\xampp\htdocs\test.loc\app\Controllers\PostController.php on line 28
[12-Mar-2021 13:28:54 Europe/Berlin] PHP Notice:  Trying to access array offset on value of type float in D:\xampp\htdocs\test.loc\app\Controllers\PostController.php on line 31
[12-Mar-2021 13:28:54 Europe/Berlin] PHP Fatal error:  Uncaught PDOException: SQLSTATE[42000]: Syntax error or access violation: 1064 You have an error in your SQL syntax; check the manual that corresponds to your MariaDB server version for the right syntax to use near '' at line 1 in D:\xampp\htdocs\test.loc\vendor\phphleb\xdorm\Shell\XdDB.php:147
Stack trace:
#0 D:\xampp\htdocs\test.loc\vendor\phphleb\xdorm\Shell\XdDB.php(147): PDO->prepare('SELECT * FROM `...')
#1 D:\xampp\htdocs\test.loc\vendor\phphleb\xdorm\Shell\XdDB.php(33): XdORM\Shell\XdDB::_run('SELECT * FROM `...', 'fetchAll', Array, 'mysql.myname')
#2 D:\xampp\htdocs\test.loc\vendor\phphleb\xdorm\Shell\XdHelper.php(120): XdORM\Shell\XdDB::getSelect(Object(XdORM\Shell\XdHelper), NULL)
#3 D:\xampp\htdocs\test.loc\app\Models\TagModel.php(28): XdORM\Shell\XdHelper->getSelect()
#4 D:\xampp\htdocs\test.loc\app\Controllers\PostController.php(31): App\Models\TagModel::getTagPost(NULL)
#5 D:\xampp\htdocs\test.loc\vendor\phphleb\framework\Constructor\Workspace.php(274): App\Controllers\PostController->index()
# in D:\xampp\htdocs\test.loc\vendor\phphleb\xdorm\Shell\XdDB.php on line 147
[12-Mar-2021 13:29:07 Europe/Berlin] PHP Notice:  Undefined index: pagescount in D:\xampp\htdocs\test.loc\app\Controllers\PostController.php on line 20
[12-Mar-2021 13:31:24 Europe/Berlin] PHP Fatal error:  Uncaught PDOException: SQLSTATE[42S22]: Column not found: 1054 Unknown column 'id' in 'field list' in D:\xampp\htdocs\test.loc\vendor\phphleb\xdorm\Shell\XdDB.php:147
Stack trace:
#0 D:\xampp\htdocs\test.loc\vendor\phphleb\xdorm\Shell\XdDB.php(147): PDO->prepare('SELECT `id` FRO...')
#1 D:\xampp\htdocs\test.loc\vendor\phphleb\xdorm\Shell\XdDB.php(33): XdORM\Shell\XdDB::_run('SELECT `id` FRO...', 'fetchAll', Array, 'mysql.myname')
#2 D:\xampp\htdocs\test.loc\vendor\phphleb\xdorm\Shell\XdHelper.php(120): XdORM\Shell\XdDB::getSelect(Object(XdORM\Shell\XdHelper), NULL)
#3 D:\xampp\htdocs\test.loc\app\Models\PostModel.php(21): XdORM\Shell\XdHelper->getSelect()
#4 D:\xampp\htdocs\test.loc\app\Controllers\PostController.php(18): App\Models\PostModel::getPostAll()
#5 D:\xampp\htdocs\test.loc\vendor\phphleb\framework\Constructor\Workspace.php(274): App\Controllers\PostController->index()
#6 D:\xampp\htdocs\test.loc\vendor\phphleb\framework\Constructor\Workspace.php(106): Hleb\Constructor\Workspace->getController(Array in D:\xampp\htdocs\test.loc\vendor\phphleb\xdorm\Shell\XdDB.php on line 147
[12-Mar-2021 13:31:37 Europe/Berlin] PHP Notice:  Undefined index: pagescount in D:\xampp\htdocs\test.loc\app\Controllers\PostController.php on line 20
[12-Mar-2021 13:32:52 Europe/Berlin] PHP Notice:  Undefined index: pagescount in D:\xampp\htdocs\test.loc\app\Controllers\PostController.php on line 20
[12-Mar-2021 13:32:52 Europe/Berlin] PHP Notice:  Undefined variable: pagesCount in D:\xampp\htdocs\test.loc\app\Controllers\PostController.php on line 44
[12-Mar-2021 13:33:08 Europe/Berlin] PHP Notice:  Undefined variable: pagesCount in D:\xampp\htdocs\test.loc\app\Controllers\PostController.php on line 44
[12-Mar-2021 13:33:43 Europe/Berlin] PHP Notice:  Undefined variable: pagesCount in D:\xampp\htdocs\test.loc\app\Controllers\PostController.php on line 44
[12-Mar-2021 13:34:13 Europe/Berlin] PHP Notice:  Undefined variable: pagesCount in D:\xampp\htdocs\test.loc\app\Controllers\PostController.php on line 44
[12-Mar-2021 13:35:58 Europe/Berlin] PHP Notice:  Undefined variable: pagesCount in D:\xampp\htdocs\test.loc\app\Controllers\PostController.php on line 44
[12-Mar-2021 13:43:11 Europe/Berlin] PHP Parse error:  syntax error, unexpected '$pagesCount' (T_VARIABLE) in D:\xampp\htdocs\test.loc\app\Controllers\PostController.php on line 20
[12-Mar-2021 13:43:33 Europe/Berlin] PHP Parse error:  syntax error, unexpected '$pagesCount' (T_VARIABLE) in D:\xampp\htdocs\test.loc\app\Controllers\PostController.php on line 20
[12-Mar-2021 13:43:34 Europe/Berlin] PHP Parse error:  syntax error, unexpected '$pagesCount' (T_VARIABLE) in D:\xampp\htdocs\test.loc\app\Controllers\PostController.php on line 20
[12-Mar-2021 14:01:30 Europe/Berlin] PHP Warning:  A non-numeric value encountered in D:\xampp\htdocs\test.loc\app\Models\PostModel.php on line 15
[12-Mar-2021 14:02:22 Europe/Berlin] PHP Fatal error:  Cannot use isset() on the result of an expression (you can use "null !== expression" instead) in D:\xampp\htdocs\test.loc\app\Controllers\PostController.php on line 19
[12-Mar-2021 14:08:06 Europe/Berlin] PHP Warning:  A non-numeric value encountered in D:\xampp\htdocs\test.loc\app\Models\PostModel.php on line 15
[12-Mar-2021 14:13:39 Europe/Berlin] PHP Notice:  Undefined index: currentNum in D:\xampp\htdocs\test.loc\resources\views\home.php on line 58
[12-Mar-2021 14:13:39 Europe/Berlin] PHP Notice:  Undefined index: currentNum in D:\xampp\htdocs\test.loc\resources\views\home.php on line 58
[12-Mar-2021 14:13:39 Europe/Berlin] PHP Notice:  Undefined index: currentNum in D:\xampp\htdocs\test.loc\resources\views\home.php on line 58
[12-Mar-2021 14:13:39 Europe/Berlin] PHP Notice:  Undefined index: currentNum in D:\xampp\htdocs\test.loc\resources\views\home.php on line 58
[12-Mar-2021 14:15:01 Europe/Berlin] PHP Parse error:  syntax error, unexpected '}', expecting elseif (T_ELSEIF) or else (T_ELSE) or endif (T_ENDIF) in D:\xampp\htdocs\test.loc\resources\views\home.php on line 60
[12-Mar-2021 14:37:19 Europe/Berlin] PHP Parse error:  syntax error, unexpected '$post' (T_VARIABLE), expecting ';' or ',' in D:\xampp\htdocs\test.loc\resources\views\home.php on line 24
[12-Mar-2021 15:32:42 Europe/Berlin] PHP Parse error:  syntax error, unexpected '$data' (T_VARIABLE) in D:\xampp\htdocs\test.loc\app\Controllers\AdminController.php on line 11
[12-Mar-2021 15:32:57 Europe/Berlin] PHP Fatal error:  Uncaught Error: Undefined class constant 'msg' in D:\xampp\htdocs\test.loc\app\Controllers\AdminController.php:13
Stack trace:
#0 D:\xampp\htdocs\test.loc\vendor\phphleb\framework\Constructor\Workspace.php(274): App\Controllers\AdminController->index()
#1 D:\xampp\htdocs\test.loc\vendor\phphleb\framework\Constructor\Workspace.php(106): Hleb\Constructor\Workspace->getController(Array)
#2 D:\xampp\htdocs\test.loc\vendor\phphleb\framework\Constructor\Workspace.php(85): Hleb\Constructor\Workspace->renderGetMethod(Array)
#3 D:\xampp\htdocs\test.loc\vendor\phphleb\framework\Constructor\Workspace.php(38): Hleb\Constructor\Workspace->create(Array)
#4 D:\xampp\htdocs\test.loc\vendor\phphleb\framework\Main\ProjectLoader.php(43): Hleb\Constructor\Workspace->__construct(Array, Array)
#5 D:\xampp\htdocs\test.loc\vendor\phphleb\framework\bootstrap.php(280): Hleb\Main\ProjectLoader::start()
#6 D:\xampp\htdocs\test.loc\public\index.php(28): require('D:\\xampp\\htdocs...')
#7 {main}
  thrown in D:\xampp\htdocs\test.loc\app\Controllers\AdminController.php on line 13
[12-Mar-2021 15:34:42 Europe/Berlin] PHP Notice:  Undefined index: pagesCount in D:\xampp\htdocs\test.loc\resources\views\home.php on line 54
[12-Mar-2021 15:34:47 Europe/Berlin] PHP Fatal error:  Uncaught Error: Undefined class constant 'msg' in D:\xampp\htdocs\test.loc\app\Controllers\InfoController.php:62
Stack trace:
#0 D:\xampp\htdocs\test.loc\vendor\phphleb\framework\Constructor\Workspace.php(274): App\Controllers\InfoController->privacy()
#1 D:\xampp\htdocs\test.loc\vendor\phphleb\framework\Constructor\Workspace.php(106): Hleb\Constructor\Workspace->getController(Array)
#2 D:\xampp\htdocs\test.loc\vendor\phphleb\framework\Constructor\Workspace.php(85): Hleb\Constructor\Workspace->renderGetMethod(Array)
#3 D:\xampp\htdocs\test.loc\vendor\phphleb\framework\Constructor\Workspace.php(38): Hleb\Constructor\Workspace->create(Array)
#4 D:\xampp\htdocs\test.loc\vendor\phphleb\framework\Main\ProjectLoader.php(43): Hleb\Constructor\Workspace->__construct(Array, Array)
#5 D:\xampp\htdocs\test.loc\vendor\phphleb\framework\bootstrap.php(280): Hleb\Main\ProjectLoader::start()
#6 D:\xampp\htdocs\test.loc\public\index.php(28): require('D:\\xampp\\htdocs...')
#7 {main}
  thrown in D:\xampp\htdocs\test.loc\app\Controllers\InfoController.php on line 62
[12-Mar-2021 16:37:31 Europe/Berlin] PHP Fatal error:  Uncaught PDOException: SQLSTATE[42000]: Syntax error or access violation: 1064 You have an error in your SQL syntax; check the manual that corresponds to your MariaDB server version for the right syntax to use near 'WHERE `votes_comm_user_id` = ?' at line 1 in D:\xampp\htdocs\test.loc\vendor\phphleb\xdorm\Shell\XdDB.php:147
Stack trace:
#0 D:\xampp\htdocs\test.loc\vendor\phphleb\xdorm\Shell\XdDB.php(147): PDO->prepare('SELECT * FROM `...')
#1 D:\xampp\htdocs\test.loc\vendor\phphleb\xdorm\Shell\XdDB.php(33): XdORM\Shell\XdDB::_run('SELECT * FROM `...', 'fetchAll', Array, 'mysql.myname')
#2 D:\xampp\htdocs\test.loc\vendor\phphleb\xdorm\Shell\XdHelper.php(120): XdORM\Shell\XdDB::getSelect(Object(XdORM\Shell\XdHelper), NULL)
#3 D:\xampp\htdocs\test.loc\app\Models\VotesCommentModel.php(29): XdORM\Shell\XdHelper->getSelect()
#4 D:\xampp\htdocs\test.loc\app\Controllers\PostController.php(172): App\Models\VotesCommentModel::getVoteStatus(16, 4)
#5 D:\xampp\htdocs\test.loc\vendor\phphleb\framework\Constructor\Workspac in D:\xampp\htdocs\test.loc\vendor\phphleb\xdorm\Shell\XdDB.php on line 147
[12-Mar-2021 16:38:38 Europe/Berlin] PHP Fatal error:  Uncaught PDOException: SQLSTATE[42000]: Syntax error or access violation: 1064 You have an error in your SQL syntax; check the manual that corresponds to your MariaDB server version for the right syntax to use near 'WHERE `votes_comm_user_id` = ?' at line 1 in D:\xampp\htdocs\test.loc\vendor\phphleb\xdorm\Shell\XdDB.php:147
Stack trace:
#0 D:\xampp\htdocs\test.loc\vendor\phphleb\xdorm\Shell\XdDB.php(147): PDO->prepare('SELECT * FROM `...')
#1 D:\xampp\htdocs\test.loc\vendor\phphleb\xdorm\Shell\XdDB.php(33): XdORM\Shell\XdDB::_run('SELECT * FROM `...', 'fetchAll', Array, 'mysql.myname')
#2 D:\xampp\htdocs\test.loc\vendor\phphleb\xdorm\Shell\XdHelper.php(120): XdORM\Shell\XdDB::getSelect(Object(XdORM\Shell\XdHelper), NULL)
#3 D:\xampp\htdocs\test.loc\app\Models\VotesCommentModel.php(29): XdORM\Shell\XdHelper->getSelect()
#4 D:\xampp\htdocs\test.loc\app\Controllers\PostController.php(172): App\Models\VotesCommentModel::getVoteStatus(16, 4)
#5 D:\xampp\htdocs\test.loc\vendor\phphleb\framework\Constructor\Workspac in D:\xampp\htdocs\test.loc\vendor\phphleb\xdorm\Shell\XdDB.php on line 147
[12-Mar-2021 16:38:59 Europe/Berlin] PHP Fatal error:  Uncaught PDOException: SQLSTATE[42000]: Syntax error or access violation: 1064 You have an error in your SQL syntax; check the manual that corresponds to your MariaDB server version for the right syntax to use near 'WHERE `votes_comm_user_id` = ?' at line 1 in D:\xampp\htdocs\test.loc\vendor\phphleb\xdorm\Shell\XdDB.php:147
Stack trace:
#0 D:\xampp\htdocs\test.loc\vendor\phphleb\xdorm\Shell\XdDB.php(147): PDO->prepare('SELECT * FROM `...')
#1 D:\xampp\htdocs\test.loc\vendor\phphleb\xdorm\Shell\XdDB.php(33): XdORM\Shell\XdDB::_run('SELECT * FROM `...', 'fetchAll', Array, 'mysql.myname')
#2 D:\xampp\htdocs\test.loc\vendor\phphleb\xdorm\Shell\XdHelper.php(120): XdORM\Shell\XdDB::getSelect(Object(XdORM\Shell\XdHelper), NULL)
#3 D:\xampp\htdocs\test.loc\app\Models\VotesCommentModel.php(29): XdORM\Shell\XdHelper->getSelect()
#4 D:\xampp\htdocs\test.loc\app\Controllers\PostController.php(172): App\Models\VotesCommentModel::getVoteStatus(16, 4)
#5 D:\xampp\htdocs\test.loc\vendor\phphleb\framework\Constructor\Workspac in D:\xampp\htdocs\test.loc\vendor\phphleb\xdorm\Shell\XdDB.php on line 147
[12-Mar-2021 18:37:35 Europe/Berlin] PHP Parse error:  syntax error, unexpected end of file, expecting function (T_FUNCTION) or const (T_CONST) in D:\xampp\htdocs\test.loc\app\Base.php on line 272
[12-Mar-2021 18:38:32 Europe/Berlin] PHP Notice:  Undefined variable: timestamp in D:\xampp\htdocs\test.loc\app\Base.php on line 152
[12-Mar-2021 18:38:32 Europe/Berlin] PHP Notice:  Undefined variable: timestamp in D:\xampp\htdocs\test.loc\app\Base.php on line 152
[12-Mar-2021 18:38:32 Europe/Berlin] PHP Notice:  Undefined variable: timestamp in D:\xampp\htdocs\test.loc\app\Base.php on line 152
[12-Mar-2021 18:38:32 Europe/Berlin] PHP Notice:  Undefined variable: timestamp in D:\xampp\htdocs\test.loc\app\Base.php on line 152
[12-Mar-2021 18:38:32 Europe/Berlin] PHP Notice:  Undefined variable: timestamp in D:\xampp\htdocs\test.loc\app\Base.php on line 152
[12-Mar-2021 18:38:32 Europe/Berlin] PHP Notice:  Undefined variable: timestamp in D:\xampp\htdocs\test.loc\app\Base.php on line 152
[12-Mar-2021 18:38:32 Europe/Berlin] PHP Notice:  Undefined variable: timestamp in D:\xampp\htdocs\test.loc\app\Base.php on line 152
[12-Mar-2021 18:38:32 Europe/Berlin] PHP Notice:  Undefined variable: timestamp in D:\xampp\htdocs\test.loc\app\Base.php on line 152
[12-Mar-2021 18:38:32 Europe/Berlin] PHP Notice:  Undefined variable: timestamp in D:\xampp\htdocs\test.loc\app\Base.php on line 152
[12-Mar-2021 18:38:32 Europe/Berlin] PHP Notice:  Undefined variable: timestamp in D:\xampp\htdocs\test.loc\app\Base.php on line 152
[12-Mar-2021 18:39:25 Europe/Berlin] PHP Notice:  Undefined variable: time in D:\xampp\htdocs\test.loc\app\Base.php on line 150
[12-Mar-2021 18:39:25 Europe/Berlin] PHP Fatal error:  Uncaught Error: Class 'AWS_APP' not found in D:\xampp\htdocs\test.loc\app\Base.php:161
Stack trace:
#0 D:\xampp\htdocs\test.loc\app\Controllers\PostController.php(37): Base::ru_date('2021-03-12 18:1...')
#1 D:\xampp\htdocs\test.loc\vendor\phphleb\framework\Constructor\Workspace.php(274): App\Controllers\PostController->index()
#2 D:\xampp\htdocs\test.loc\vendor\phphleb\framework\Constructor\Workspace.php(106): Hleb\Constructor\Workspace->getController(Array)
#3 D:\xampp\htdocs\test.loc\vendor\phphleb\framework\Constructor\Workspace.php(85): Hleb\Constructor\Workspace->renderGetMethod(Array)
#4 D:\xampp\htdocs\test.loc\vendor\phphleb\framework\Constructor\Workspace.php(38): Hleb\Constructor\Workspace->create(Array)
#5 D:\xampp\htdocs\test.loc\vendor\phphleb\framework\Main\ProjectLoader.php(43): Hleb\Constructor\Workspace->__construct(Array, Array)
#6 D:\xampp\htdocs\test.loc\vendor\phphleb\framework\bootstrap.php(280): Hleb\Main\ProjectLoader::start()
#7 D:\xampp\htdocs\test.loc\public\index.php(29): require(' in D:\xampp\htdocs\test.loc\app\Base.php on line 161
[12-Mar-2021 18:40:38 Europe/Berlin] PHP Notice:  Undefined variable: time in D:\xampp\htdocs\test.loc\app\Base.php on line 150
[12-Mar-2021 18:40:38 Europe/Berlin] PHP Notice:  A non well formed numeric value encountered in D:\xampp\htdocs\test.loc\app\Base.php on line 177
[12-Mar-2021 18:40:38 Europe/Berlin] PHP Notice:  A non well formed numeric value encountered in D:\xampp\htdocs\test.loc\app\Base.php on line 186
[12-Mar-2021 18:40:38 Europe/Berlin] PHP Notice:  Undefined variable: time in D:\xampp\htdocs\test.loc\app\Base.php on line 150
[12-Mar-2021 18:40:38 Europe/Berlin] PHP Notice:  A non well formed numeric value encountered in D:\xampp\htdocs\test.loc\app\Base.php on line 177
[12-Mar-2021 18:40:38 Europe/Berlin] PHP Notice:  A non well formed numeric value encountered in D:\xampp\htdocs\test.loc\app\Base.php on line 186
[12-Mar-2021 18:40:38 Europe/Berlin] PHP Notice:  Undefined variable: time in D:\xampp\htdocs\test.loc\app\Base.php on line 150
[12-Mar-2021 18:40:38 Europe/Berlin] PHP Notice:  A non well formed numeric value encountered in D:\xampp\htdocs\test.loc\app\Base.php on line 177
[12-Mar-2021 18:40:38 Europe/Berlin] PHP Notice:  A non well formed numeric value encountered in D:\xampp\htdocs\test.loc\app\Base.php on line 186
[12-Mar-2021 18:40:38 Europe/Berlin] PHP Notice:  Undefined variable: time in D:\xampp\htdocs\test.loc\app\Base.php on line 150
[12-Mar-2021 18:40:38 Europe/Berlin] PHP Notice:  A non well formed numeric value encountered in D:\xampp\htdocs\test.loc\app\Base.php on line 177
[12-Mar-2021 18:40:38 Europe/Berlin] PHP Notice:  A non well formed numeric value encountered in D:\xampp\htdocs\test.loc\app\Base.php on line 186
[12-Mar-2021 18:40:38 Europe/Berlin] PHP Notice:  Undefined variable: time in D:\xampp\htdocs\test.loc\app\Base.php on line 150
[12-Mar-2021 18:40:38 Europe/Berlin] PHP Notice:  A non well formed numeric value encountered in D:\xampp\htdocs\test.loc\app\Base.php on line 177
[12-Mar-2021 18:40:38 Europe/Berlin] PHP Notice:  A non well formed numeric value encountered in D:\xampp\htdocs\test.loc\app\Base.php on line 186
[12-Mar-2021 18:40:38 Europe/Berlin] PHP Notice:  Undefined variable: time in D:\xampp\htdocs\test.loc\app\Base.php on line 150
[12-Mar-2021 18:40:38 Europe/Berlin] PHP Notice:  A non well formed numeric value encountered in D:\xampp\htdocs\test.loc\app\Base.php on line 177
[12-Mar-2021 18:40:38 Europe/Berlin] PHP Notice:  A non well formed numeric value encountered in D:\xampp\htdocs\test.loc\app\Base.php on line 186
[12-Mar-2021 18:40:38 Europe/Berlin] PHP Notice:  Undefined variable: time in D:\xampp\htdocs\test.loc\app\Base.php on line 150
[12-Mar-2021 18:40:38 Europe/Berlin] PHP Notice:  A non well formed numeric value encountered in D:\xampp\htdocs\test.loc\app\Base.php on line 177
[12-Mar-2021 18:40:38 Europe/Berlin] PHP Notice:  A non well formed numeric value encountered in D:\xampp\htdocs\test.loc\app\Base.php on line 186
[12-Mar-2021 18:40:38 Europe/Berlin] PHP Notice:  Undefined variable: time in D:\xampp\htdocs\test.loc\app\Base.php on line 150
[12-Mar-2021 18:40:38 Europe/Berlin] PHP Notice:  A non well formed numeric value encountered in D:\xampp\htdocs\test.loc\app\Base.php on line 177
[12-Mar-2021 18:40:38 Europe/Berlin] PHP Notice:  A non well formed numeric value encountered in D:\xampp\htdocs\test.loc\app\Base.php on line 186
[12-Mar-2021 18:40:38 Europe/Berlin] PHP Notice:  Undefined variable: time in D:\xampp\htdocs\test.loc\app\Base.php on line 150
[12-Mar-2021 18:40:38 Europe/Berlin] PHP Notice:  A non well formed numeric value encountered in D:\xampp\htdocs\test.loc\app\Base.php on line 177
[12-Mar-2021 18:40:38 Europe/Berlin] PHP Notice:  A non well formed numeric value encountered in D:\xampp\htdocs\test.loc\app\Base.php on line 186
[12-Mar-2021 18:40:38 Europe/Berlin] PHP Notice:  Undefined variable: time in D:\xampp\htdocs\test.loc\app\Base.php on line 150
[12-Mar-2021 18:40:38 Europe/Berlin] PHP Notice:  A non well formed numeric value encountered in D:\xampp\htdocs\test.loc\app\Base.php on line 177
[12-Mar-2021 18:40:38 Europe/Berlin] PHP Notice:  A non well formed numeric value encountered in D:\xampp\htdocs\test.loc\app\Base.php on line 186
[12-Mar-2021 18:41:05 Europe/Berlin] PHP Notice:  A non well formed numeric value encountered in D:\xampp\htdocs\test.loc\app\Base.php on line 177
[12-Mar-2021 18:41:05 Europe/Berlin] PHP Notice:  A non well formed numeric value encountered in D:\xampp\htdocs\test.loc\app\Base.php on line 186
[12-Mar-2021 18:41:05 Europe/Berlin] PHP Notice:  A non well formed numeric value encountered in D:\xampp\htdocs\test.loc\app\Base.php on line 177
[12-Mar-2021 18:41:05 Europe/Berlin] PHP Notice:  A non well formed numeric value encountered in D:\xampp\htdocs\test.loc\app\Base.php on line 186
[12-Mar-2021 18:41:06 Europe/Berlin] PHP Notice:  A non well formed numeric value encountered in D:\xampp\htdocs\test.loc\app\Base.php on line 177
[12-Mar-2021 18:41:06 Europe/Berlin] PHP Notice:  A non well formed numeric value encountered in D:\xampp\htdocs\test.loc\app\Base.php on line 186
[12-Mar-2021 18:41:06 Europe/Berlin] PHP Notice:  A non well formed numeric value encountered in D:\xampp\htdocs\test.loc\app\Base.php on line 177
[12-Mar-2021 18:41:06 Europe/Berlin] PHP Notice:  A non well formed numeric value encountered in D:\xampp\htdocs\test.loc\app\Base.php on line 186
[12-Mar-2021 18:41:06 Europe/Berlin] PHP Notice:  A non well formed numeric value encountered in D:\xampp\htdocs\test.loc\app\Base.php on line 177
[12-Mar-2021 18:41:06 Europe/Berlin] PHP Notice:  A non well formed numeric value encountered in D:\xampp\htdocs\test.loc\app\Base.php on line 186
[12-Mar-2021 18:41:06 Europe/Berlin] PHP Notice:  A non well formed numeric value encountered in D:\xampp\htdocs\test.loc\app\Base.php on line 177
[12-Mar-2021 18:41:06 Europe/Berlin] PHP Notice:  A non well formed numeric value encountered in D:\xampp\htdocs\test.loc\app\Base.php on line 186
[12-Mar-2021 18:41:06 Europe/Berlin] PHP Notice:  A non well formed numeric value encountered in D:\xampp\htdocs\test.loc\app\Base.php on line 177
[12-Mar-2021 18:41:06 Europe/Berlin] PHP Notice:  A non well formed numeric value encountered in D:\xampp\htdocs\test.loc\app\Base.php on line 186
[12-Mar-2021 18:41:06 Europe/Berlin] PHP Notice:  A non well formed numeric value encountered in D:\xampp\htdocs\test.loc\app\Base.php on line 177
[12-Mar-2021 18:41:06 Europe/Berlin] PHP Notice:  A non well formed numeric value encountered in D:\xampp\htdocs\test.loc\app\Base.php on line 186
[12-Mar-2021 18:41:06 Europe/Berlin] PHP Notice:  A non well formed numeric value encountered in D:\xampp\htdocs\test.loc\app\Base.php on line 177
[12-Mar-2021 18:41:06 Europe/Berlin] PHP Notice:  A non well formed numeric value encountered in D:\xampp\htdocs\test.loc\app\Base.php on line 186
[12-Mar-2021 18:41:06 Europe/Berlin] PHP Notice:  A non well formed numeric value encountered in D:\xampp\htdocs\test.loc\app\Base.php on line 177
[12-Mar-2021 18:41:06 Europe/Berlin] PHP Notice:  A non well formed numeric value encountered in D:\xampp\htdocs\test.loc\app\Base.php on line 186
[12-Mar-2021 18:41:31 Europe/Berlin] PHP Notice:  Object of class DateTime could not be converted to number in D:\xampp\htdocs\test.loc\app\Base.php on line 178
[12-Mar-2021 18:41:31 Europe/Berlin] PHP Warning:  date() expects parameter 2 to be int, object given in D:\xampp\htdocs\test.loc\app\Base.php on line 187
[12-Mar-2021 18:41:31 Europe/Berlin] PHP Notice:  Object of class DateTime could not be converted to number in D:\xampp\htdocs\test.loc\app\Base.php on line 178
[12-Mar-2021 18:41:31 Europe/Berlin] PHP Warning:  date() expects parameter 2 to be int, object given in D:\xampp\htdocs\test.loc\app\Base.php on line 187
[12-Mar-2021 18:41:31 Europe/Berlin] PHP Notice:  Object of class DateTime could not be converted to number in D:\xampp\htdocs\test.loc\app\Base.php on line 178
[12-Mar-2021 18:41:31 Europe/Berlin] PHP Warning:  date() expects parameter 2 to be int, object given in D:\xampp\htdocs\test.loc\app\Base.php on line 187
[12-Mar-2021 18:41:31 Europe/Berlin] PHP Notice:  Object of class DateTime could not be converted to number in D:\xampp\htdocs\test.loc\app\Base.php on line 178
[12-Mar-2021 18:41:31 Europe/Berlin] PHP Warning:  date() expects parameter 2 to be int, object given in D:\xampp\htdocs\test.loc\app\Base.php on line 187
[12-Mar-2021 18:41:31 Europe/Berlin] PHP Notice:  Object of class DateTime could not be converted to number in D:\xampp\htdocs\test.loc\app\Base.php on line 178
[12-Mar-2021 18:41:31 Europe/Berlin] PHP Warning:  date() expects parameter 2 to be int, object given in D:\xampp\htdocs\test.loc\app\Base.php on line 187
[12-Mar-2021 18:41:31 Europe/Berlin] PHP Notice:  Object of class DateTime could not be converted to number in D:\xampp\htdocs\test.loc\app\Base.php on line 178
[12-Mar-2021 18:41:31 Europe/Berlin] PHP Warning:  date() expects parameter 2 to be int, object given in D:\xampp\htdocs\test.loc\app\Base.php on line 187
[12-Mar-2021 18:41:31 Europe/Berlin] PHP Notice:  Object of class DateTime could not be converted to number in D:\xampp\htdocs\test.loc\app\Base.php on line 178
[12-Mar-2021 18:41:31 Europe/Berlin] PHP Warning:  date() expects parameter 2 to be int, object given in D:\xampp\htdocs\test.loc\app\Base.php on line 187
[12-Mar-2021 18:41:31 Europe/Berlin] PHP Notice:  Object of class DateTime could not be converted to number in D:\xampp\htdocs\test.loc\app\Base.php on line 178
[12-Mar-2021 18:41:31 Europe/Berlin] PHP Warning:  date() expects parameter 2 to be int, object given in D:\xampp\htdocs\test.loc\app\Base.php on line 187
[12-Mar-2021 18:41:31 Europe/Berlin] PHP Notice:  Object of class DateTime could not be converted to number in D:\xampp\htdocs\test.loc\app\Base.php on line 178
[12-Mar-2021 18:41:31 Europe/Berlin] PHP Warning:  date() expects parameter 2 to be int, object given in D:\xampp\htdocs\test.loc\app\Base.php on line 187
[12-Mar-2021 18:41:31 Europe/Berlin] PHP Notice:  Object of class DateTime could not be converted to number in D:\xampp\htdocs\test.loc\app\Base.php on line 178
[12-Mar-2021 18:41:31 Europe/Berlin] PHP Warning:  date() expects parameter 2 to be int, object given in D:\xampp\htdocs\test.loc\app\Base.php on line 187
[12-Mar-2021 18:43:13 Europe/Berlin] PHP Notice:  Object of class DateTime could not be converted to number in D:\xampp\htdocs\test.loc\app\Base.php on line 178
[12-Mar-2021 18:43:13 Europe/Berlin] PHP Warning:  date() expects parameter 2 to be int, object given in D:\xampp\htdocs\test.loc\app\Base.php on line 187
[12-Mar-2021 18:43:13 Europe/Berlin] PHP Notice:  Object of class DateTime could not be converted to number in D:\xampp\htdocs\test.loc\app\Base.php on line 178
[12-Mar-2021 18:43:13 Europe/Berlin] PHP Warning:  date() expects parameter 2 to be int, object given in D:\xampp\htdocs\test.loc\app\Base.php on line 187
[12-Mar-2021 18:43:13 Europe/Berlin] PHP Notice:  Object of class DateTime could not be converted to number in D:\xampp\htdocs\test.loc\app\Base.php on line 178
[12-Mar-2021 18:43:13 Europe/Berlin] PHP Warning:  date() expects parameter 2 to be int, object given in D:\xampp\htdocs\test.loc\app\Base.php on line 187
[12-Mar-2021 18:43:13 Europe/Berlin] PHP Notice:  Object of class DateTime could not be converted to number in D:\xampp\htdocs\test.loc\app\Base.php on line 178
[12-Mar-2021 18:43:13 Europe/Berlin] PHP Warning:  date() expects parameter 2 to be int, object given in D:\xampp\htdocs\test.loc\app\Base.php on line 187
[12-Mar-2021 18:43:13 Europe/Berlin] PHP Notice:  Object of class DateTime could not be converted to number in D:\xampp\htdocs\test.loc\app\Base.php on line 178
[12-Mar-2021 18:43:13 Europe/Berlin] PHP Warning:  date() expects parameter 2 to be int, object given in D:\xampp\htdocs\test.loc\app\Base.php on line 187
[12-Mar-2021 18:43:13 Europe/Berlin] PHP Notice:  Object of class DateTime could not be converted to number in D:\xampp\htdocs\test.loc\app\Base.php on line 178
[12-Mar-2021 18:43:13 Europe/Berlin] PHP Warning:  date() expects parameter 2 to be int, object given in D:\xampp\htdocs\test.loc\app\Base.php on line 187
[12-Mar-2021 18:43:13 Europe/Berlin] PHP Notice:  Object of class DateTime could not be converted to number in D:\xampp\htdocs\test.loc\app\Base.php on line 178
[12-Mar-2021 18:43:13 Europe/Berlin] PHP Warning:  date() expects parameter 2 to be int, object given in D:\xampp\htdocs\test.loc\app\Base.php on line 187
[12-Mar-2021 18:43:13 Europe/Berlin] PHP Notice:  Object of class DateTime could not be converted to number in D:\xampp\htdocs\test.loc\app\Base.php on line 178
[12-Mar-2021 18:43:13 Europe/Berlin] PHP Warning:  date() expects parameter 2 to be int, object given in D:\xampp\htdocs\test.loc\app\Base.php on line 187
[12-Mar-2021 18:43:13 Europe/Berlin] PHP Notice:  Object of class DateTime could not be converted to number in D:\xampp\htdocs\test.loc\app\Base.php on line 178
[12-Mar-2021 18:43:13 Europe/Berlin] PHP Warning:  date() expects parameter 2 to be int, object given in D:\xampp\htdocs\test.loc\app\Base.php on line 187
[12-Mar-2021 18:43:13 Europe/Berlin] PHP Notice:  Object of class DateTime could not be converted to number in D:\xampp\htdocs\test.loc\app\Base.php on line 178
[12-Mar-2021 18:43:13 Europe/Berlin] PHP Warning:  date() expects parameter 2 to be int, object given in D:\xampp\htdocs\test.loc\app\Base.php on line 187
[12-Mar-2021 18:43:38 Europe/Berlin] PHP Notice:  Object of class DateTime could not be converted to number in D:\xampp\htdocs\test.loc\app\Base.php on line 178
[12-Mar-2021 18:43:38 Europe/Berlin] PHP Warning:  date() expects parameter 2 to be int, object given in D:\xampp\htdocs\test.loc\app\Base.php on line 187
[12-Mar-2021 18:43:38 Europe/Berlin] PHP Notice:  Object of class DateTime could not be converted to number in D:\xampp\htdocs\test.loc\app\Base.php on line 178
[12-Mar-2021 18:43:38 Europe/Berlin] PHP Warning:  date() expects parameter 2 to be int, object given in D:\xampp\htdocs\test.loc\app\Base.php on line 187
[12-Mar-2021 18:43:38 Europe/Berlin] PHP Notice:  Object of class DateTime could not be converted to number in D:\xampp\htdocs\test.loc\app\Base.php on line 178
[12-Mar-2021 18:43:38 Europe/Berlin] PHP Warning:  date() expects parameter 2 to be int, object given in D:\xampp\htdocs\test.loc\app\Base.php on line 187
[12-Mar-2021 18:43:38 Europe/Berlin] PHP Notice:  Object of class DateTime could not be converted to number in D:\xampp\htdocs\test.loc\app\Base.php on line 178
[12-Mar-2021 18:43:38 Europe/Berlin] PHP Warning:  date() expects parameter 2 to be int, object given in D:\xampp\htdocs\test.loc\app\Base.php on line 187
[12-Mar-2021 18:43:38 Europe/Berlin] PHP Notice:  Object of class DateTime could not be converted to number in D:\xampp\htdocs\test.loc\app\Base.php on line 178
[12-Mar-2021 18:43:38 Europe/Berlin] PHP Warning:  date() expects parameter 2 to be int, object given in D:\xampp\htdocs\test.loc\app\Base.php on line 187
[12-Mar-2021 18:43:38 Europe/Berlin] PHP Notice:  Object of class DateTime could not be converted to number in D:\xampp\htdocs\test.loc\app\Base.php on line 178
[12-Mar-2021 18:43:38 Europe/Berlin] PHP Warning:  date() expects parameter 2 to be int, object given in D:\xampp\htdocs\test.loc\app\Base.php on line 187
[12-Mar-2021 18:43:38 Europe/Berlin] PHP Notice:  Object of class DateTime could not be converted to number in D:\xampp\htdocs\test.loc\app\Base.php on line 178
[12-Mar-2021 18:43:38 Europe/Berlin] PHP Warning:  date() expects parameter 2 to be int, object given in D:\xampp\htdocs\test.loc\app\Base.php on line 187
[12-Mar-2021 18:43:38 Europe/Berlin] PHP Notice:  Object of class DateTime could not be converted to number in D:\xampp\htdocs\test.loc\app\Base.php on line 178
[12-Mar-2021 18:43:38 Europe/Berlin] PHP Warning:  date() expects parameter 2 to be int, object given in D:\xampp\htdocs\test.loc\app\Base.php on line 187
[12-Mar-2021 18:43:38 Europe/Berlin] PHP Notice:  Object of class DateTime could not be converted to number in D:\xampp\htdocs\test.loc\app\Base.php on line 178
[12-Mar-2021 18:43:38 Europe/Berlin] PHP Warning:  date() expects parameter 2 to be int, object given in D:\xampp\htdocs\test.loc\app\Base.php on line 187
[12-Mar-2021 18:43:38 Europe/Berlin] PHP Notice:  Object of class DateTime could not be converted to number in D:\xampp\htdocs\test.loc\app\Base.php on line 178
[12-Mar-2021 18:43:38 Europe/Berlin] PHP Warning:  date() expects parameter 2 to be int, object given in D:\xampp\htdocs\test.loc\app\Base.php on line 187
[12-Mar-2021 18:44:47 Europe/Berlin] PHP Notice:  A non well formed numeric value encountered in D:\xampp\htdocs\test.loc\app\Base.php on line 177
[12-Mar-2021 18:44:47 Europe/Berlin] PHP Notice:  A non well formed numeric value encountered in D:\xampp\htdocs\test.loc\app\Base.php on line 186
[12-Mar-2021 18:44:47 Europe/Berlin] PHP Notice:  A non well formed numeric value encountered in D:\xampp\htdocs\test.loc\app\Base.php on line 177
[12-Mar-2021 18:44:47 Europe/Berlin] PHP Notice:  A non well formed numeric value encountered in D:\xampp\htdocs\test.loc\app\Base.php on line 186
[12-Mar-2021 18:44:47 Europe/Berlin] PHP Notice:  A non well formed numeric value encountered in D:\xampp\htdocs\test.loc\app\Base.php on line 177
[12-Mar-2021 18:44:47 Europe/Berlin] PHP Notice:  A non well formed numeric value encountered in D:\xampp\htdocs\test.loc\app\Base.php on line 186
[12-Mar-2021 18:44:47 Europe/Berlin] PHP Notice:  A non well formed numeric value encountered in D:\xampp\htdocs\test.loc\app\Base.php on line 177
[12-Mar-2021 18:44:47 Europe/Berlin] PHP Notice:  A non well formed numeric value encountered in D:\xampp\htdocs\test.loc\app\Base.php on line 186
[12-Mar-2021 18:44:47 Europe/Berlin] PHP Notice:  A non well formed numeric value encountered in D:\xampp\htdocs\test.loc\app\Base.php on line 177
[12-Mar-2021 18:44:47 Europe/Berlin] PHP Notice:  A non well formed numeric value encountered in D:\xampp\htdocs\test.loc\app\Base.php on line 186
[12-Mar-2021 18:44:47 Europe/Berlin] PHP Notice:  A non well formed numeric value encountered in D:\xampp\htdocs\test.loc\app\Base.php on line 177
[12-Mar-2021 18:44:47 Europe/Berlin] PHP Notice:  A non well formed numeric value encountered in D:\xampp\htdocs\test.loc\app\Base.php on line 186
[12-Mar-2021 18:44:47 Europe/Berlin] PHP Notice:  A non well formed numeric value encountered in D:\xampp\htdocs\test.loc\app\Base.php on line 177
[12-Mar-2021 18:44:47 Europe/Berlin] PHP Notice:  A non well formed numeric value encountered in D:\xampp\htdocs\test.loc\app\Base.php on line 186
[12-Mar-2021 18:44:47 Europe/Berlin] PHP Notice:  A non well formed numeric value encountered in D:\xampp\htdocs\test.loc\app\Base.php on line 177
[12-Mar-2021 18:44:47 Europe/Berlin] PHP Notice:  A non well formed numeric value encountered in D:\xampp\htdocs\test.loc\app\Base.php on line 186
[12-Mar-2021 18:44:47 Europe/Berlin] PHP Notice:  A non well formed numeric value encountered in D:\xampp\htdocs\test.loc\app\Base.php on line 177
[12-Mar-2021 18:44:47 Europe/Berlin] PHP Notice:  A non well formed numeric value encountered in D:\xampp\htdocs\test.loc\app\Base.php on line 186
[12-Mar-2021 18:44:47 Europe/Berlin] PHP Notice:  A non well formed numeric value encountered in D:\xampp\htdocs\test.loc\app\Base.php on line 177
[12-Mar-2021 18:44:47 Europe/Berlin] PHP Notice:  A non well formed numeric value encountered in D:\xampp\htdocs\test.loc\app\Base.php on line 186
[12-Mar-2021 18:53:04 Europe/Berlin] PHP Deprecated:  Non-static method Base::ru_num() should not be called statically in D:\xampp\htdocs\test.loc\app\Controllers\PostController.php on line 37
[12-Mar-2021 18:53:04 Europe/Berlin] PHP Fatal error:  Uncaught ArgumentCountError: Too few arguments to function Base::ru_num(), 1 passed in D:\xampp\htdocs\test.loc\app\Controllers\PostController.php on line 37 and exactly 2 expected in D:\xampp\htdocs\test.loc\app\Base.php:274
Stack trace:
#0 D:\xampp\htdocs\test.loc\app\Controllers\PostController.php(37): Base::ru_num(1)
#1 D:\xampp\htdocs\test.loc\vendor\phphleb\framework\Constructor\Workspace.php(274): App\Controllers\PostController->index()
#2 D:\xampp\htdocs\test.loc\vendor\phphleb\framework\Constructor\Workspace.php(106): Hleb\Constructor\Workspace->getController(Array)
#3 D:\xampp\htdocs\test.loc\vendor\phphleb\framework\Constructor\Workspace.php(85): Hleb\Constructor\Workspace->renderGetMethod(Array)
#4 D:\xampp\htdocs\test.loc\vendor\phphleb\framework\Constructor\Workspace.php(38): Hleb\Constructor\Workspace->create(Array)
#5 D:\xampp\htdocs\test.loc\vendor\phphleb\framework\Main\ProjectLoader.php(43): Hleb\Constructor\Workspace->__construct(Array, Array)
#6 D:\xampp\htdocs\test.loc\vendor\phphleb\fra in D:\xampp\htdocs\test.loc\app\Base.php on line 274
[12-Mar-2021 18:53:33 Europe/Berlin] PHP Fatal error:  Uncaught ArgumentCountError: Too few arguments to function Base::ru_num(), 1 passed in D:\xampp\htdocs\test.loc\app\Controllers\PostController.php on line 37 and exactly 2 expected in D:\xampp\htdocs\test.loc\app\Base.php:274
Stack trace:
#0 D:\xampp\htdocs\test.loc\app\Controllers\PostController.php(37): Base::ru_num(1)
#1 D:\xampp\htdocs\test.loc\vendor\phphleb\framework\Constructor\Workspace.php(274): App\Controllers\PostController->index()
#2 D:\xampp\htdocs\test.loc\vendor\phphleb\framework\Constructor\Workspace.php(106): Hleb\Constructor\Workspace->getController(Array)
#3 D:\xampp\htdocs\test.loc\vendor\phphleb\framework\Constructor\Workspace.php(85): Hleb\Constructor\Workspace->renderGetMethod(Array)
#4 D:\xampp\htdocs\test.loc\vendor\phphleb\framework\Constructor\Workspace.php(38): Hleb\Constructor\Workspace->create(Array)
#5 D:\xampp\htdocs\test.loc\vendor\phphleb\framework\Main\ProjectLoader.php(43): Hleb\Constructor\Workspace->__construct(Array, Array)
#6 D:\xampp\htdocs\test.loc\vendor\phphleb\fra in D:\xampp\htdocs\test.loc\app\Base.php on line 274
[12-Mar-2021 19:11:04 Europe/Berlin] PHP Parse error:  syntax error, unexpected ';', expecting ']' in D:\xampp\htdocs\test.loc\app\Controllers\PostController.php on line 146
[12-Mar-2021 19:17:56 Europe/Berlin] PHP Notice:  Undefined variable: flag in D:\xampp\htdocs\test.loc\app\Base.php on line 260
[12-Mar-2021 19:18:02 Europe/Berlin] PHP Notice:  Undefined variable: flag in D:\xampp\htdocs\test.loc\app\Base.php on line 260
[12-Mar-2021 19:22:02 Europe/Berlin] PHP Fatal error:  Uncaught ArgumentCountError: Too few arguments to function getFullUrl(), 0 passed in D:\xampp\htdocs\test.loc\resources\views\header.php on line 37 and exactly 1 expected in D:\xampp\htdocs\test.loc\app\Optional\shell.php:43
Stack trace:
#0 D:\xampp\htdocs\test.loc\resources\views\header.php(37): getFullUrl()
#1 D:\xampp\htdocs\test.loc\resources\views\home.php(1): include('D:\\xampp\\htdocs...')
#2 D:\xampp\htdocs\test.loc\vendor\phphleb\framework\Constructor\VCreator.php(38): require('D:\\xampp\\htdocs...')
#3 D:\xampp\htdocs\test.loc\vendor\phphleb\framework\Constructor\Workspace.php(176): Hleb\Constructor\VCreator->view()
#4 D:\xampp\htdocs\test.loc\vendor\phphleb\framework\Constructor\Workspace.php(131): Hleb\Constructor\Workspace->selectableViewFile('home', 'view', 37)
#5 D:\xampp\htdocs\test.loc\vendor\phphleb\framework\Constructor\Workspace.php(85): Hleb\Constructor\Workspace->renderGetMethod(Array)
#6 D:\xampp\htdocs\test.loc\vendor\phphleb\framework\Constructor\Workspace.php(38): Hleb\Constructor\Wo in D:\xampp\htdocs\test.loc\app\Optional\shell.php on line 43
[12-Mar-2021 19:22:12 Europe/Berlin] PHP Fatal error:  Uncaught ArgumentCountError: Too few arguments to function getFullUrl(), 0 passed in D:\xampp\htdocs\test.loc\resources\views\header.php on line 37 and exactly 1 expected in D:\xampp\htdocs\test.loc\app\Optional\shell.php:43
Stack trace:
#0 D:\xampp\htdocs\test.loc\resources\views\header.php(37): getFullUrl()
#1 D:\xampp\htdocs\test.loc\resources\views\home.php(1): include('D:\\xampp\\htdocs...')
#2 D:\xampp\htdocs\test.loc\vendor\phphleb\framework\Constructor\VCreator.php(38): require('D:\\xampp\\htdocs...')
#3 D:\xampp\htdocs\test.loc\vendor\phphleb\framework\Constructor\Workspace.php(176): Hleb\Constructor\VCreator->view()
#4 D:\xampp\htdocs\test.loc\vendor\phphleb\framework\Constructor\Workspace.php(131): Hleb\Constructor\Workspace->selectableViewFile('home', 'view', 37)
#5 D:\xampp\htdocs\test.loc\vendor\phphleb\framework\Constructor\Workspace.php(85): Hleb\Constructor\Workspace->renderGetMethod(Array)
#6 D:\xampp\htdocs\test.loc\vendor\phphleb\framework\Constructor\Workspace.php(38): Hleb\Constructor\Wo in D:\xampp\htdocs\test.loc\app\Optional\shell.php on line 43
[12-Mar-2021 19:22:47 Europe/Berlin] PHP Warning:  Use of undefined constant getMainClearUrl - assumed 'getMainClearUrl' (this will throw an Error in a future version of PHP) in D:\xampp\htdocs\test.loc\resources\views\header.php on line 37
[12-Mar-2021 19:23:33 Europe/Berlin] PHP Fatal error:  Uncaught ArgumentCountError: Too few arguments to function getUrlByName(), 0 passed in D:\xampp\htdocs\test.loc\resources\views\header.php on line 37 and at least 1 expected in D:\xampp\htdocs\test.loc\app\Optional\shell.php:55
Stack trace:
#0 D:\xampp\htdocs\test.loc\resources\views\header.php(37): getUrlByName()
#1 D:\xampp\htdocs\test.loc\resources\views\home.php(1): include('D:\\xampp\\htdocs...')
#2 D:\xampp\htdocs\test.loc\vendor\phphleb\framework\Constructor\VCreator.php(38): require('D:\\xampp\\htdocs...')
#3 D:\xampp\htdocs\test.loc\vendor\phphleb\framework\Constructor\Workspace.php(176): Hleb\Constructor\VCreator->view()
#4 D:\xampp\htdocs\test.loc\vendor\phphleb\framework\Constructor\Workspace.php(131): Hleb\Constructor\Workspace->selectableViewFile('home', 'view', 37)
#5 D:\xampp\htdocs\test.loc\vendor\phphleb\framework\Constructor\Workspace.php(85): Hleb\Constructor\Workspace->renderGetMethod(Array)
#6 D:\xampp\htdocs\test.loc\vendor\phphleb\framework\Constructor\Workspace.php(38): Hleb\Construct in D:\xampp\htdocs\test.loc\app\Optional\shell.php on line 55
[12-Mar-2021 19:23:48 Europe/Berlin] PHP Fatal error:  Uncaught ArgumentCountError: Too few arguments to function getUrlByName(), 0 passed in D:\xampp\htdocs\test.loc\resources\views\header.php on line 37 and at least 1 expected in D:\xampp\htdocs\test.loc\app\Optional\shell.php:55
Stack trace:
#0 D:\xampp\htdocs\test.loc\resources\views\header.php(37): getUrlByName()
#1 D:\xampp\htdocs\test.loc\resources\views\home.php(1): include('D:\\xampp\\htdocs...')
#2 D:\xampp\htdocs\test.loc\vendor\phphleb\framework\Constructor\VCreator.php(38): require('D:\\xampp\\htdocs...')
#3 D:\xampp\htdocs\test.loc\vendor\phphleb\framework\Constructor\Workspace.php(176): Hleb\Constructor\VCreator->view()
#4 D:\xampp\htdocs\test.loc\vendor\phphleb\framework\Constructor\Workspace.php(131): Hleb\Constructor\Workspace->selectableViewFile('home', 'view', 37)
#5 D:\xampp\htdocs\test.loc\vendor\phphleb\framework\Constructor\Workspace.php(85): Hleb\Constructor\Workspace->renderGetMethod(Array)
#6 D:\xampp\htdocs\test.loc\vendor\phphleb\framework\Constructor\Workspace.php(38): Hleb\Construct in D:\xampp\htdocs\test.loc\app\Optional\shell.php on line 55
[12-Mar-2021 19:25:31 Europe/Berlin] PHP Parse error:  syntax error, unexpected ')', expecting ';' or ',' in D:\xampp\htdocs\test.loc\resources\views\header.php on line 37
[12-Mar-2021 19:27:14 Europe/Berlin] PHP Parse error:  syntax error, unexpected '/' in D:\xampp\htdocs\test.loc\resources\views\header.php on line 37
[12-Mar-2021 20:16:57 Europe/Berlin] PHP Notice:  Array to string conversion in D:\xampp\htdocs\test.loc\resources\views\post\view.php on line 95
[12-Mar-2021 20:45:13 Europe/Berlin] PHP Warning:  Use of undefined constant data - assumed 'data' (this will throw an Error in a future version of PHP) in D:\xampp\htdocs\test.loc\resources\views\post\view.php on line 96
[12-Mar-2021 20:45:13 Europe/Berlin] PHP Warning:  Illegal string offset 'post' in D:\xampp\htdocs\test.loc\resources\views\post\view.php on line 96
[12-Mar-2021 20:45:13 Europe/Berlin] PHP Warning:  Illegal string offset 'slug' in D:\xampp\htdocs\test.loc\resources\views\post\view.php on line 96
[12-Mar-2021 20:45:13 Europe/Berlin] PHP Notice:  Undefined index: post in D:\xampp\htdocs\test.loc\resources\views\post\view.php on line 100
[12-Mar-2021 20:45:13 Europe/Berlin] PHP Notice:  Trying to access array offset on value of type null in D:\xampp\htdocs\test.loc\resources\views\post\view.php on line 100
[12-Mar-2021 20:45:13 Europe/Berlin] PHP Warning:  Use of undefined constant data - assumed 'data' (this will throw an Error in a future version of PHP) in D:\xampp\htdocs\test.loc\resources\views\post\view.php on line 96
[12-Mar-2021 20:45:13 Europe/Berlin] PHP Warning:  Illegal string offset 'post' in D:\xampp\htdocs\test.loc\resources\views\post\view.php on line 96
[12-Mar-2021 20:45:13 Europe/Berlin] PHP Warning:  Illegal string offset 'slug' in D:\xampp\htdocs\test.loc\resources\views\post\view.php on line 96
[12-Mar-2021 20:45:13 Europe/Berlin] PHP Notice:  Undefined index: post in D:\xampp\htdocs\test.loc\resources\views\post\view.php on line 100
[12-Mar-2021 20:45:13 Europe/Berlin] PHP Notice:  Trying to access array offset on value of type null in D:\xampp\htdocs\test.loc\resources\views\post\view.php on line 100
[12-Mar-2021 20:45:13 Europe/Berlin] PHP Warning:  Use of undefined constant data - assumed 'data' (this will throw an Error in a future version of PHP) in D:\xampp\htdocs\test.loc\resources\views\post\view.php on line 96
[12-Mar-2021 20:45:13 Europe/Berlin] PHP Warning:  Illegal string offset 'post' in D:\xampp\htdocs\test.loc\resources\views\post\view.php on line 96
[12-Mar-2021 20:45:13 Europe/Berlin] PHP Warning:  Illegal string offset 'slug' in D:\xampp\htdocs\test.loc\resources\views\post\view.php on line 96
[12-Mar-2021 20:45:13 Europe/Berlin] PHP Notice:  Undefined index: post in D:\xampp\htdocs\test.loc\resources\views\post\view.php on line 100
[12-Mar-2021 20:45:13 Europe/Berlin] PHP Notice:  Trying to access array offset on value of type null in D:\xampp\htdocs\test.loc\resources\views\post\view.php on line 100
[12-Mar-2021 20:45:40 Europe/Berlin] PHP Warning:  Use of undefined constant data - assumed 'data' (this will throw an Error in a future version of PHP) in D:\xampp\htdocs\test.loc\resources\views\post\view.php on line 96
[12-Mar-2021 20:45:40 Europe/Berlin] PHP Warning:  Illegal string offset 'post' in D:\xampp\htdocs\test.loc\resources\views\post\view.php on line 96
[12-Mar-2021 20:45:40 Europe/Berlin] PHP Warning:  Illegal string offset 'slug' in D:\xampp\htdocs\test.loc\resources\views\post\view.php on line 96
[12-Mar-2021 20:45:40 Europe/Berlin] PHP Notice:  Undefined index: post in D:\xampp\htdocs\test.loc\resources\views\post\view.php on line 100
[12-Mar-2021 20:45:40 Europe/Berlin] PHP Notice:  Trying to access array offset on value of type null in D:\xampp\htdocs\test.loc\resources\views\post\view.php on line 100
[12-Mar-2021 20:45:40 Europe/Berlin] PHP Warning:  Use of undefined constant data - assumed 'data' (this will throw an Error in a future version of PHP) in D:\xampp\htdocs\test.loc\resources\views\post\view.php on line 96
[12-Mar-2021 20:45:40 Europe/Berlin] PHP Warning:  Illegal string offset 'post' in D:\xampp\htdocs\test.loc\resources\views\post\view.php on line 96
[12-Mar-2021 20:45:40 Europe/Berlin] PHP Warning:  Illegal string offset 'slug' in D:\xampp\htdocs\test.loc\resources\views\post\view.php on line 96
[12-Mar-2021 20:45:40 Europe/Berlin] PHP Notice:  Undefined index: post in D:\xampp\htdocs\test.loc\resources\views\post\view.php on line 100
[12-Mar-2021 20:45:40 Europe/Berlin] PHP Notice:  Trying to access array offset on value of type null in D:\xampp\htdocs\test.loc\resources\views\post\view.php on line 100
[12-Mar-2021 20:45:40 Europe/Berlin] PHP Warning:  Use of undefined constant data - assumed 'data' (this will throw an Error in a future version of PHP) in D:\xampp\htdocs\test.loc\resources\views\post\view.php on line 96
[12-Mar-2021 20:45:40 Europe/Berlin] PHP Warning:  Illegal string offset 'post' in D:\xampp\htdocs\test.loc\resources\views\post\view.php on line 96
[12-Mar-2021 20:45:40 Europe/Berlin] PHP Warning:  Illegal string offset 'slug' in D:\xampp\htdocs\test.loc\resources\views\post\view.php on line 96
[12-Mar-2021 20:45:40 Europe/Berlin] PHP Notice:  Undefined index: post in D:\xampp\htdocs\test.loc\resources\views\post\view.php on line 100
[12-Mar-2021 20:45:40 Europe/Berlin] PHP Notice:  Trying to access array offset on value of type null in D:\xampp\htdocs\test.loc\resources\views\post\view.php on line 100
[12-Mar-2021 20:45:46 Europe/Berlin] PHP Warning:  Use of undefined constant data - assumed 'data' (this will throw an Error in a future version of PHP) in D:\xampp\htdocs\test.loc\resources\views\post\view.php on line 96
[12-Mar-2021 20:45:46 Europe/Berlin] PHP Warning:  Illegal string offset 'post' in D:\xampp\htdocs\test.loc\resources\views\post\view.php on line 96
[12-Mar-2021 20:45:46 Europe/Berlin] PHP Warning:  Illegal string offset 'slug' in D:\xampp\htdocs\test.loc\resources\views\post\view.php on line 96
[12-Mar-2021 20:45:46 Europe/Berlin] PHP Notice:  Undefined index: post in D:\xampp\htdocs\test.loc\resources\views\post\view.php on line 100
[12-Mar-2021 20:45:46 Europe/Berlin] PHP Notice:  Trying to access array offset on value of type null in D:\xampp\htdocs\test.loc\resources\views\post\view.php on line 100
[12-Mar-2021 20:45:46 Europe/Berlin] PHP Warning:  Use of undefined constant data - assumed 'data' (this will throw an Error in a future version of PHP) in D:\xampp\htdocs\test.loc\resources\views\post\view.php on line 96
[12-Mar-2021 20:45:46 Europe/Berlin] PHP Warning:  Illegal string offset 'post' in D:\xampp\htdocs\test.loc\resources\views\post\view.php on line 96
[12-Mar-2021 20:45:46 Europe/Berlin] PHP Warning:  Illegal string offset 'slug' in D:\xampp\htdocs\test.loc\resources\views\post\view.php on line 96
[12-Mar-2021 20:45:46 Europe/Berlin] PHP Notice:  Undefined index: post in D:\xampp\htdocs\test.loc\resources\views\post\view.php on line 100
[12-Mar-2021 20:45:46 Europe/Berlin] PHP Notice:  Trying to access array offset on value of type null in D:\xampp\htdocs\test.loc\resources\views\post\view.php on line 100
[12-Mar-2021 20:45:46 Europe/Berlin] PHP Warning:  Use of undefined constant data - assumed 'data' (this will throw an Error in a future version of PHP) in D:\xampp\htdocs\test.loc\resources\views\post\view.php on line 96
[12-Mar-2021 20:45:46 Europe/Berlin] PHP Warning:  Illegal string offset 'post' in D:\xampp\htdocs\test.loc\resources\views\post\view.php on line 96
[12-Mar-2021 20:45:46 Europe/Berlin] PHP Warning:  Illegal string offset 'slug' in D:\xampp\htdocs\test.loc\resources\views\post\view.php on line 96
[12-Mar-2021 20:45:46 Europe/Berlin] PHP Notice:  Undefined index: post in D:\xampp\htdocs\test.loc\resources\views\post\view.php on line 100
[12-Mar-2021 20:45:46 Europe/Berlin] PHP Notice:  Trying to access array offset on value of type null in D:\xampp\htdocs\test.loc\resources\views\post\view.php on line 100
[12-Mar-2021 20:46:01 Europe/Berlin] PHP Warning:  Use of undefined constant data - assumed 'data' (this will throw an Error in a future version of PHP) in D:\xampp\htdocs\test.loc\resources\views\post\view.php on line 96
[12-Mar-2021 20:46:01 Europe/Berlin] PHP Warning:  Illegal string offset 'post' in D:\xampp\htdocs\test.loc\resources\views\post\view.php on line 96
[12-Mar-2021 20:46:01 Europe/Berlin] PHP Warning:  Illegal string offset 'slug' in D:\xampp\htdocs\test.loc\resources\views\post\view.php on line 96
[12-Mar-2021 20:46:01 Europe/Berlin] PHP Notice:  Undefined index: post in D:\xampp\htdocs\test.loc\resources\views\post\view.php on line 100
[12-Mar-2021 20:46:01 Europe/Berlin] PHP Notice:  Trying to access array offset on value of type null in D:\xampp\htdocs\test.loc\resources\views\post\view.php on line 100
[12-Mar-2021 20:46:01 Europe/Berlin] PHP Warning:  Use of undefined constant data - assumed 'data' (this will throw an Error in a future version of PHP) in D:\xampp\htdocs\test.loc\resources\views\post\view.php on line 96
[12-Mar-2021 20:46:01 Europe/Berlin] PHP Warning:  Illegal string offset 'post' in D:\xampp\htdocs\test.loc\resources\views\post\view.php on line 96
[12-Mar-2021 20:46:01 Europe/Berlin] PHP Warning:  Illegal string offset 'slug' in D:\xampp\htdocs\test.loc\resources\views\post\view.php on line 96
[12-Mar-2021 20:46:01 Europe/Berlin] PHP Notice:  Undefined index: post in D:\xampp\htdocs\test.loc\resources\views\post\view.php on line 100
[12-Mar-2021 20:46:01 Europe/Berlin] PHP Notice:  Trying to access array offset on value of type null in D:\xampp\htdocs\test.loc\resources\views\post\view.php on line 100
[12-Mar-2021 20:46:01 Europe/Berlin] PHP Warning:  Use of undefined constant data - assumed 'data' (this will throw an Error in a future version of PHP) in D:\xampp\htdocs\test.loc\resources\views\post\view.php on line 96
[12-Mar-2021 20:46:01 Europe/Berlin] PHP Warning:  Illegal string offset 'post' in D:\xampp\htdocs\test.loc\resources\views\post\view.php on line 96
[12-Mar-2021 20:46:01 Europe/Berlin] PHP Warning:  Illegal string offset 'slug' in D:\xampp\htdocs\test.loc\resources\views\post\view.php on line 96
[12-Mar-2021 20:46:01 Europe/Berlin] PHP Notice:  Undefined index: post in D:\xampp\htdocs\test.loc\resources\views\post\view.php on line 100
[12-Mar-2021 20:46:01 Europe/Berlin] PHP Notice:  Trying to access array offset on value of type null in D:\xampp\htdocs\test.loc\resources\views\post\view.php on line 100
[12-Mar-2021 20:46:49 Europe/Berlin] PHP Notice:  Undefined index: post in D:\xampp\htdocs\test.loc\resources\views\post\view.php on line 100
[12-Mar-2021 20:46:49 Europe/Berlin] PHP Notice:  Trying to access array offset on value of type null in D:\xampp\htdocs\test.loc\resources\views\post\view.php on line 100
[12-Mar-2021 20:46:49 Europe/Berlin] PHP Notice:  Undefined index: post in D:\xampp\htdocs\test.loc\resources\views\post\view.php on line 100
[12-Mar-2021 20:46:49 Europe/Berlin] PHP Notice:  Trying to access array offset on value of type null in D:\xampp\htdocs\test.loc\resources\views\post\view.php on line 100
[12-Mar-2021 20:46:49 Europe/Berlin] PHP Notice:  Undefined index: post in D:\xampp\htdocs\test.loc\resources\views\post\view.php on line 100
[12-Mar-2021 20:46:49 Europe/Berlin] PHP Notice:  Trying to access array offset on value of type null in D:\xampp\htdocs\test.loc\resources\views\post\view.php on line 100
[12-Mar-2021 20:47:18 Europe/Berlin] PHP Notice:  Undefined index: post in D:\xampp\htdocs\test.loc\resources\views\post\view.php on line 100
[12-Mar-2021 20:47:18 Europe/Berlin] PHP Notice:  Trying to access array offset on value of type null in D:\xampp\htdocs\test.loc\resources\views\post\view.php on line 100
[12-Mar-2021 20:47:18 Europe/Berlin] PHP Notice:  Undefined index: post in D:\xampp\htdocs\test.loc\resources\views\post\view.php on line 100
[12-Mar-2021 20:47:18 Europe/Berlin] PHP Notice:  Trying to access array offset on value of type null in D:\xampp\htdocs\test.loc\resources\views\post\view.php on line 100
[12-Mar-2021 20:47:18 Europe/Berlin] PHP Notice:  Undefined index: post in D:\xampp\htdocs\test.loc\resources\views\post\view.php on line 100
[12-Mar-2021 20:47:18 Europe/Berlin] PHP Notice:  Trying to access array offset on value of type null in D:\xampp\htdocs\test.loc\resources\views\post\view.php on line 100
[12-Mar-2021 20:58:05 Europe/Berlin] PHP Notice:  Undefined index: authorpost in D:\xampp\htdocs\test.loc\resources\views\post\view.php on line 95
[12-Mar-2021 20:58:05 Europe/Berlin] PHP Notice:  Undefined index: user_id in D:\xampp\htdocs\test.loc\resources\views\post\view.php on line 95
[12-Mar-2021 20:58:05 Europe/Berlin] PHP Notice:  Undefined index: authorpost in D:\xampp\htdocs\test.loc\resources\views\post\view.php on line 95
[12-Mar-2021 20:58:05 Europe/Berlin] PHP Notice:  Undefined index: user_id in D:\xampp\htdocs\test.loc\resources\views\post\view.php on line 95
[12-Mar-2021 20:58:05 Europe/Berlin] PHP Notice:  Undefined index: authorpost in D:\xampp\htdocs\test.loc\resources\views\post\view.php on line 95
[12-Mar-2021 20:58:05 Europe/Berlin] PHP Notice:  Undefined index: user_id in D:\xampp\htdocs\test.loc\resources\views\post\view.php on line 95
[12-Mar-2021 20:58:05 Europe/Berlin] PHP Notice:  Undefined index: authorpost in D:\xampp\htdocs\test.loc\resources\views\post\view.php on line 95
[12-Mar-2021 20:58:05 Europe/Berlin] PHP Notice:  Undefined index: user_id in D:\xampp\htdocs\test.loc\resources\views\post\view.php on line 95
[12-Mar-2021 20:58:05 Europe/Berlin] PHP Notice:  Undefined index: authorpost in D:\xampp\htdocs\test.loc\resources\views\post\view.php on line 95
[12-Mar-2021 20:58:05 Europe/Berlin] PHP Notice:  Undefined index: user_id in D:\xampp\htdocs\test.loc\resources\views\post\view.php on line 95
[12-Mar-2021 20:58:05 Europe/Berlin] PHP Notice:  Undefined index: authorpost in D:\xampp\htdocs\test.loc\resources\views\post\view.php on line 95
[12-Mar-2021 20:58:05 Europe/Berlin] PHP Notice:  Undefined index: user_id in D:\xampp\htdocs\test.loc\resources\views\post\view.php on line 95
[12-Mar-2021 20:58:05 Europe/Berlin] PHP Notice:  Undefined index: authorpost in D:\xampp\htdocs\test.loc\resources\views\post\view.php on line 95
[12-Mar-2021 20:58:05 Europe/Berlin] PHP Notice:  Undefined index: user_id in D:\xampp\htdocs\test.loc\resources\views\post\view.php on line 95
[12-Mar-2021 20:59:50 Europe/Berlin] PHP Notice:  Undefined index: post_user_id in D:\xampp\htdocs\test.loc\resources\views\post\view.php on line 95
[12-Mar-2021 20:59:50 Europe/Berlin] PHP Notice:  Undefined index: post_user_id in D:\xampp\htdocs\test.loc\resources\views\post\view.php on line 95
[12-Mar-2021 20:59:50 Europe/Berlin] PHP Notice:  Undefined index: post_user_id in D:\xampp\htdocs\test.loc\resources\views\post\view.php on line 95
[12-Mar-2021 20:59:50 Europe/Berlin] PHP Notice:  Undefined index: post_user_id in D:\xampp\htdocs\test.loc\resources\views\post\view.php on line 95
[12-Mar-2021 20:59:50 Europe/Berlin] PHP Notice:  Undefined index: post_user_id in D:\xampp\htdocs\test.loc\resources\views\post\view.php on line 95
[12-Mar-2021 20:59:50 Europe/Berlin] PHP Notice:  Undefined index: post_user_id in D:\xampp\htdocs\test.loc\resources\views\post\view.php on line 95
[12-Mar-2021 20:59:50 Europe/Berlin] PHP Notice:  Undefined index: post_user_id in D:\xampp\htdocs\test.loc\resources\views\post\view.php on line 95
